IQ-TREE multicore version 2.3.6 for Linux x86 64-bit built Aug  4 2024
Developed by Bui Quang Minh, Nguyen Lam Tung, Olga Chernomor, Heiko Schmidt,
Dominik Schrempf, Michael Woodhams, Ly Trong Nhan, Thomas Wong

Host:    rona.rsb.anu.edu.au (AVX2, FMA3, 1007 GB RAM)
Command: iqtree2 -s ../Nosenko2013.nonrib.relabelled.outgroup_rem.fasta -p REV.best_scheme.nex --model-joint NONREV --root-test -zb 1000 -au -te NONREV_B.treefile -T 35 --prefix TOP
Seed:    95399 (Using SPRNG - Scalable Parallel Random Number Generator)
Time:    Tue Aug 27 13:19:03 2024
Kernel:  AVX+FMA - 35 threads (256 CPU cores detected)

Reading partition model file REV.best_scheme.nex ...
Reading alignment file ../Nosenko2013.nonrib.relabelled.outgroup_rem.fasta ... Fasta format detected
Reading fasta file: done in 0.00895256 secs using 77.29% CPU
Alignment most likely contains protein sequences
WARNING: 3 sites contain only gaps or ambiguous characters.
Alignment has 61 sequences with 9187 columns, 8316 distinct patterns
4558 parsimony-informative, 1604 singleton sites, 3025 constant sites
                                         Gap/Ambiguity  Composition  p-value
Analyzing sequences: done in 0.00127283 secs using 99.78% CPU
   1  CNIDARIA_Acropora_hyacinthus              24.90%    passed     99.23%
   2  CNIDARIA_Acropora_millepora                1.04%    passed     98.97%
   3  CNIDARIA_Acropora_palmata                 53.22%    passed     90.85%
   4  PORIFERA_Amphimedon_queenslandica          0.15%    passed     99.13%
   5  BILATERIA_Anoplodactylus_eroticus         69.38%    passed     36.97%
   6  BILATERIA_Aplysia_californica             24.64%    passed     99.52%
   7  PORIFERA_Aphrocallistes_vastus            82.62%    failed      0.68%
   8  PORIFERA_Asbestopluma_sp                  28.54%    passed     95.75%
   9  PORIFERA_Astrosclera_willeyana            66.13%    passed     53.84%
  10  CTENOPHORA_Beroe_sp                       38.30%    passed     98.88%
  11  BILATERIA_Branchiostoma_floridae           1.56%    passed     98.99%
  12  BILATERIA_Capitella_teleta                 6.16%    passed    100.00%
  13  PORIFERA_Carteriospongia_foliascens       58.77%    passed     92.58%
  14  BILATERIA_Ciona_intestinalis               5.63%    passed     49.90%
  15  CNIDARIA_Clytia_hemisphaerica              1.81%    passed     95.56%
  16  PORIFERA_Corticium                        85.68%    passed     71.77%
  17  BILATERIA_Crassostrea_gigas               21.16%    passed     92.27%
  18  PORIFERA_Crateromorpha_meyeri             56.16%    passed     99.05%
  19  CNIDARIA_Cyanea_capillata                 91.98%    passed     17.61%
  20  BILATERIA_Danio_rerio                      0.09%    passed     99.90%
  21  BILATERIA_Daphnia_pulex                    0.46%    passed     99.97%
  22  PORIFERA_Ephydatia_muelleri               12.01%    passed     57.07%
  23  BILATERIA_Euprymna_scolopes               36.67%    passed     54.80%
  24  BILATERIA_Helobdella_robusta               0.40%    passed     93.65%
  25  PORIFERA_Heterochone_calyx                55.64%    passed     79.89%
  26  CNIDARIA_Hydra_magnipapillata              0.28%    passed     94.82%
  27  CNIDARIA_Hydra_vulgaris                   50.91%    passed     65.24%
  28  CNIDARIA_Hydractinia_echinata             52.64%    passed     46.39%
  29  BILATERIA_Ixodes_scapularis                8.36%    passed     96.13%
  30  PORIFERA_Leucetta_chagosensis             45.40%    passed     83.17%
  31  PORIFERA_Leucosolenia_sp                  86.60%    failed      0.41%
  32  PORIFERA_Lubomirskia_baicalensis          72.33%    passed     25.16%
  33  CTENOPHORA_Mertensiid_sp                  78.98%    passed      5.15%
  34  CNIDARIA_Metridium_senile                 17.88%    passed     93.64%
  35  CTENOPHORA_Mnemiopsis_leidyi              31.66%    passed     94.75%
  36  BILATERIA_Molgula_tectiformis              2.67%    passed     99.76%
  37  CNIDARIA_Montastraea_faveolata            80.45%    passed     75.37%
  38  BILATERIA_Nasonia_vitripennis             10.37%    passed     55.72%
  39  CNIDARIA_Nematostella_vectensis            3.13%    passed     99.50%
  40  PORIFERA_Oopsacas_minuta                  66.46%    passed     58.58%
  41  PORIFERA_Oscarella_carmela                24.30%    passed     99.57%
  42  PORIFERA_Oscarella_lobularis              64.61%    passed      6.90%
  43  PORIFERA_Oscarella_sp                     19.94%    passed     97.28%
  44  PORIFERA_Pachydictyum_globosum            75.74%    passed     62.03%
  45  BILATERIA_Pedicellina_cernua              48.62%    passed     96.86%
  46  BILATERIA_Pediculus_humanus_capitis       73.97%    passed     42.07%
  47  BILATERIA_Petromyzon_marinus              11.68%    passed     98.34%
  48  CTENOPHORA_Pleurobrachia_pileus           36.27%    passed     39.21%
  49  CNIDARIA_Podocoryna_carnea                57.39%    passed     78.96%
  50  CNIDARIA_Porites_astreoides               28.46%    passed     91.03%
  51  BILATERIA_Saccoglossus_kowalevskii         1.93%    passed     99.48%
  52  BILATERIA_Scutigera_coleoptrata           88.40%    passed     88.20%
  53  BILATERIA_Strongylocentrotus_purpuratus    8.72%    passed     99.95%
  54  PORIFERA_Suberites_domuncula               8.77%    passed     99.85%
  55  PORIFERA_Sycon_ciliatum                   54.87%    failed      2.20%
  56  PORIFERA_Sycon_raphanus                   55.80%    passed     26.54%
  57  PORIFERA_Tethya_wilhelma                  36.61%    passed     97.41%
  58  PLACOZOA_Trichoplax_adhaerens              0.26%    passed     39.79%
  59  PLACOZOA_Trichoplax_sp                    37.24%    passed     92.72%
  60  BILATERIA_Tubifex_tubifex                 40.95%    passed     95.38%
  61  BILATERIA_Xenoturbella_bocki              67.88%    passed     23.61%
WARNING: 24 sequences contain more than 50% gaps/ambiguity
****  TOTAL                                     37.27%  3 sequences failed composition chi2 test (p-value<5%; df=19)

Loading 35 partitions...
Subset	Type	Seqs	Sites	Infor	Invar	Model	Name
1	AA	57	238	18	182	JTTDCMut+R2	gene_0001
2	AA	42	619	254	265	Q.insect+I+G4	gene_0002
3	AA	52	143	26	84	Q.insect+I+R2	gene_0003
4	AA	52	165	55	45	Q.insect+R3	gene_0004
5	AA	53	160	104	27	Q.insect+I+G4	gene_0005
6	AA	45	523	267	155	Q.yeast+R4	gene_0006
7	AA	43	133	104	17	LG+G4	gene_0007
8	AA	49	160	115	24	WAG+I+G4	gene_0008
9	AA	50	227	118	66	Q.insect+I+R3	gene_0009
10	AA	40	297	115	104	Q.insect+R3	gene_0010
11	AA	40	167	47	94	Q.insect+R3	gene_0011
12	AA	44	141	67	50	Q.insect+R4	gene_0012
13	AA	37	103	81	5	WAG+G4	gene_0013
14	AA	38	273	197	31	LG+I+R3	gene_0014
15	AA	42	329	168	117	WAG+R4	gene_0015
16	AA	57	371	48	221	LG+I+R2	gene_0016
17	AA	41	278	160	77	LG+I+R3	gene_0017
18	AA	51	209	126	39	Q.yeast+R5	gene_0018
19	AA	43	159	100	42	LG+I+G4	gene_0019
20	AA	41	305	214	50	WAG+I+G4	gene_0020
21	AA	43	371	146	151	LG+I+R4	gene_0021
22	AA	41	417	119	218	Q.insect+R3	gene_0022
23	AA	45	441	61	251	LG+I+R2	gene_0023
24	AA	40	309	195	72	Q.yeast+I+G4	gene_0024
25	AA	45	259	184	35	Q.insect+R4	gene_0025
26	AA	56	246	174	35	WAG+I+G4	gene_0026
27	AA	44	321	187	87	WAG+R4	gene_0027
28	AA	43	203	162	20	LG+I+G4	gene_0028
29	AA	46	136	3	122	LG+I	gene_0029
30	AA	49	122	71	17	Q.insect+R3	gene_0030
31	AA	37	415	237	115	LG+I+G4	gene_0031
32	AA	37	244	178	46	LG+I+G4	gene_0032
33	AA	38	282	160	87	Q.yeast+I+G4	gene_0033
34	AA	46	252	165	53	Q.yeast+G4	gene_0034
35	AA	46	169	132	21	Q.yeast+I+G4	gene_0035
Degree of missing data: 0.272
Info: multi-threading strategy over partitions

WARNING: States(s) C, W rarely appear in partition gene_0001 and may cause numerical problems
WARNING: States(s) W rarely appear in partition gene_0003 and may cause numerical problems
WARNING: States(s) W rarely appear in partition gene_0029 and may cause numerical problems
WARNING: States(s) W rarely appear in partition gene_0030 and may cause numerical problems
Reading input tree file NONREV_B.treefile ... rooted tree
Linking NONREV+FO model across 35 partitions
Mean state frequencies: 0.07597267 0.04531238 0.04040423 0.06194776 0.01700378 0.03581741 0.06220369 0.07527029 0.01959720 0.06473739 0.08747810 0.07030527 0.02378306 0.04083646 0.03822598 0.06034110 0.06128519 0.01308807 0.03513209 0.07125789

NOTE: 224 MB RAM (0 GB) is required!
Estimate model parameters (epsilon = 0.010)
Initial log-likelihood: -238185.938
Optimizing linked NONREV+FO parameters across all partitions (379 free parameters)
Linked-model log-likelihood: -235266.617
Current log-likelihood at step 1: -234826.525
Optimizing linked NONREV+FO parameters across all partitions (379 free parameters)
Linked-model log-likelihood: -234164.889
Current log-likelihood at step 2: -234103.414
Optimizing linked NONREV+FO parameters across all partitions (379 free parameters)
Linked-model log-likelihood: -233820.355
Current log-likelihood at step 3: -233794.638
Optimizing linked NONREV+FO parameters across all partitions (379 free parameters)
Linked-model log-likelihood: -233623.688
Current log-likelihood at step 4: -233616.055
Optimizing linked NONREV+FO parameters across all partitions (379 free parameters)
Linked-model log-likelihood: -233583.773
Current log-likelihood at step 5: -233580.317
Optimizing linked NONREV+FO parameters across all partitions (379 free parameters)
Linked-model log-likelihood: -233537.708
Current log-likelihood at step 6: -233483.015
Optimizing linked NONREV+FO parameters across all partitions (379 free parameters)
Linked-model log-likelihood: -233459.828
Current log-likelihood at step 7: -233453.644
Optimizing linked NONREV+FO parameters across all partitions (379 free parameters)
Linked-model log-likelihood: -233438.786
Current log-likelihood at step 8: -233435.976
Optimizing linked NONREV+FO parameters across all partitions (379 free parameters)
Linked-model log-likelihood: -233428.121
Current log-likelihood at step 9: -233427.368
Optimizing linked NONREV+FO parameters across all partitions (379 free parameters)
Linked-model log-likelihood: -233422.806
Current log-likelihood at step 10: -233422.390
Optimizing linked NONREV+FO parameters across all partitions (379 free parameters)
Linked-model log-likelihood: -233419.538
Current log-likelihood at step 11: -233419.216
Optimizing linked NONREV+FO parameters across all partitions (379 free parameters)
Linked-model log-likelihood: -233413.223
Current log-likelihood at step 12: -233412.946
Optimizing linked NONREV+FO parameters across all partitions (379 free parameters)
Linked-model log-likelihood: -233407.418
Current log-likelihood at step 13: -233407.191
Optimizing linked NONREV+FO parameters across all partitions (379 free parameters)
Linked-model log-likelihood: -233405.710
Current log-likelihood at step 14: -233405.517
Optimizing linked NONREV+FO parameters across all partitions (379 free parameters)
Linked-model log-likelihood: -233403.747
Current log-likelihood at step 15: -233403.572
Optimizing linked NONREV+FO parameters across all partitions (379 free parameters)
Linked-model log-likelihood: -233394.937
Current log-likelihood at step 16: -233394.318
Optimizing linked NONREV+FO parameters across all partitions (379 free parameters)
Linked-model log-likelihood: -233379.633
Current log-likelihood at step 17: -233379.470
Optimizing linked NONREV+FO parameters across all partitions (379 free parameters)
Linked-model log-likelihood: -233377.145
Current log-likelihood at step 18: -233377.002
Optimizing linked NONREV+FO parameters across all partitions (379 free parameters)
Linked-model log-likelihood: -233376.366
Current log-likelihood at step 19: -233376.239
Optimizing linked NONREV+FO parameters across all partitions (379 free parameters)
Linked-model log-likelihood: -233375.746
Current log-likelihood at step 20: -233375.627
Optimizing linked NONREV+FO parameters across all partitions (379 free parameters)
Linked-model log-likelihood: -233375.349
Current log-likelihood at step 21: -233375.240
Optimizing linked NONREV+FO parameters across all partitions (379 free parameters)
Linked-model log-likelihood: -233374.897
Current log-likelihood at step 22: -233374.797
Optimizing linked NONREV+FO parameters across all partitions (379 free parameters)
Linked-model log-likelihood: -233374.584
Current log-likelihood at step 23: -233374.491
Optimizing linked NONREV+FO parameters across all partitions (379 free parameters)
Linked-model log-likelihood: -233367.570
Current log-likelihood at step 24: -233367.424
Optimizing linked NONREV+FO parameters across all partitions (379 free parameters)
Linked-model log-likelihood: -233365.584
Current log-likelihood at step 25: -233365.499
Optimizing linked NONREV+FO parameters across all partitions (379 free parameters)
Linked-model log-likelihood: -233364.956
Current log-likelihood at step 26: -233364.880
Optimizing linked NONREV+FO parameters across all partitions (379 free parameters)
Linked-model log-likelihood: -233364.390
Current log-likelihood at step 27: -233364.316
Optimizing linked NONREV+FO parameters across all partitions (379 free parameters)
Linked-model log-likelihood: -233364.089
Current log-likelihood at step 28: -233364.022
Optimizing linked NONREV+FO parameters across all partitions (379 free parameters)
Linked-model log-likelihood: -233363.474
Current log-likelihood at step 29: -233363.408
Optimizing linked NONREV+FO parameters across all partitions (379 free parameters)
Linked-model log-likelihood: -233363.277
Current log-likelihood at step 30: -233363.216
Optimizing linked NONREV+FO parameters across all partitions (379 free parameters)
Linked-model log-likelihood: -233363.104
Current log-likelihood at step 31: -233363.045
Optimizing linked NONREV+FO parameters across all partitions (379 free parameters)
Linked-model log-likelihood: -233362.940
Current log-likelihood at step 32: -233362.886
Optimizing linked NONREV+FO parameters across all partitions (379 free parameters)
Linked-model log-likelihood: -233362.781
Current log-likelihood at step 33: -233362.727
Optimizing linked NONREV+FO parameters across all partitions (379 free parameters)
Linked-model log-likelihood: -233360.767
Current log-likelihood at step 34: -233360.678
Optimizing linked NONREV+FO parameters across all partitions (379 free parameters)
Linked-model log-likelihood: -233360.595
Current log-likelihood at step 35: -233360.549
Optimizing linked NONREV+FO parameters across all partitions (379 free parameters)
Linked-model log-likelihood: -233360.373
Current log-likelihood at step 36: -233360.325
Optimizing linked NONREV+FO parameters across all partitions (379 free parameters)
Linked-model log-likelihood: -233360.234
Current log-likelihood at step 37: -233360.187
Optimizing linked NONREV+FO parameters across all partitions (379 free parameters)
Linked-model log-likelihood: -233360.102
Current log-likelihood at step 38: -233360.058
Optimizing linked NONREV+FO parameters across all partitions (379 free parameters)
Linked-model log-likelihood: -233359.992
Current log-likelihood at step 39: -233359.948
Optimizing linked NONREV+FO parameters across all partitions (379 free parameters)
Linked-model log-likelihood: -233359.865
Current log-likelihood at step 40: -233359.821
Optimizing linked NONREV+FO parameters across all partitions (379 free parameters)
Linked-model log-likelihood: -233359.771
Current log-likelihood at step 41: -233359.728
Optimizing linked NONREV+FO parameters across all partitions (379 free parameters)
Linked-model log-likelihood: -233359.678
Current log-likelihood at step 42: -233359.636
Optimizing linked NONREV+FO parameters across all partitions (379 free parameters)
Linked-model log-likelihood: -233359.575
Current log-likelihood at step 43: -233359.533
Optimizing linked NONREV+FO parameters across all partitions (379 free parameters)
Linked-model log-likelihood: -233359.485
Current log-likelihood at step 44: -233359.443
Optimizing linked NONREV+FO parameters across all partitions (379 free parameters)
Linked-model log-likelihood: -233357.608
Current log-likelihood at step 45: -233357.567
Optimizing linked NONREV+FO parameters across all partitions (379 free parameters)
Linked-model log-likelihood: -233357.427
Current log-likelihood at step 46: -233357.389
Optimizing linked NONREV+FO parameters across all partitions (379 free parameters)
Linked-model log-likelihood: -233357.323
Current log-likelihood at step 47: -233357.283
Optimizing linked NONREV+FO parameters across all partitions (379 free parameters)
Linked-model log-likelihood: -233357.224
Current log-likelihood at step 48: -233357.185
Optimizing linked NONREV+FO parameters across all partitions (379 free parameters)
Linked-model log-likelihood: -233357.132
Current log-likelihood at step 49: -233357.093
Optimizing linked NONREV+FO parameters across all partitions (379 free parameters)
Linked-model log-likelihood: -233357.052
Current log-likelihood at step 50: -233357.016
Optimizing linked NONREV+FO parameters across all partitions (379 free parameters)
Linked-model log-likelihood: -233356.970
Current log-likelihood at step 51: -233356.935
Optimizing linked NONREV+FO parameters across all partitions (379 free parameters)
Linked-model log-likelihood: -233356.898
Current log-likelihood at step 52: -233356.860
Optimizing linked NONREV+FO parameters across all partitions (379 free parameters)
Linked-model log-likelihood: -233356.741
Current log-likelihood at step 53: -233356.705
Optimizing linked NONREV+FO parameters across all partitions (379 free parameters)
Linked-model log-likelihood: -233356.280
Current log-likelihood at step 54: -233356.241
Optimizing linked NONREV+FO parameters across all partitions (379 free parameters)
Linked-model log-likelihood: -233356.195
Current log-likelihood at step 55: -233356.158
Optimizing linked NONREV+FO parameters across all partitions (379 free parameters)
Linked-model log-likelihood: -233356.137
Current log-likelihood at step 56: -233356.105
Optimizing linked NONREV+FO parameters across all partitions (379 free parameters)
Linked-model log-likelihood: -233356.071
Current log-likelihood at step 57: -233356.037
Optimizing linked NONREV+FO parameters across all partitions (379 free parameters)
Linked-model log-likelihood: -233356.014
Current log-likelihood at step 58: -233355.978
Optimizing linked NONREV+FO parameters across all partitions (379 free parameters)
Linked-model log-likelihood: -233355.950
Current log-likelihood at step 59: -233355.916
Optimizing linked NONREV+FO parameters across all partitions (379 free parameters)
Linked-model log-likelihood: -233355.896
Current log-likelihood at step 60: -233355.861
Optimizing linked NONREV+FO parameters across all partitions (379 free parameters)
Linked-model log-likelihood: -233355.844
Current log-likelihood at step 61: -233355.812
Optimizing linked NONREV+FO parameters across all partitions (379 free parameters)
Linked-model log-likelihood: -233355.776
Current log-likelihood at step 62: -233355.742
Optimizing linked NONREV+FO parameters across all partitions (379 free parameters)
Linked-model log-likelihood: -233355.710
Current log-likelihood at step 63: -233355.676
Optimizing linked NONREV+FO parameters across all partitions (379 free parameters)
Linked-model log-likelihood: -233355.664
Current log-likelihood at step 64: -233355.628
Optimizing linked NONREV+FO parameters across all partitions (379 free parameters)
Linked-model log-likelihood: -233355.503
Current log-likelihood at step 65: -233355.471
Optimizing linked NONREV+FO parameters across all partitions (379 free parameters)
Linked-model log-likelihood: -233355.359
Current log-likelihood at step 66: -233355.323
Optimizing linked NONREV+FO parameters across all partitions (379 free parameters)
Linked-model log-likelihood: -233355.303
Current log-likelihood at step 67: -233355.268
Optimizing linked NONREV+FO parameters across all partitions (379 free parameters)
Linked-model log-likelihood: -233355.260
Current log-likelihood at step 68: -233355.224
Optimizing linked NONREV+FO parameters across all partitions (379 free parameters)
Linked-model log-likelihood: -233355.191
Current log-likelihood at step 69: -233355.154
Optimizing linked NONREV+FO parameters across all partitions (379 free parameters)
Linked-model log-likelihood: -233355.113
Current log-likelihood at step 70: -233355.082
Optimizing linked NONREV+FO parameters across all partitions (379 free parameters)
Linked-model log-likelihood: -233355.048
Current log-likelihood at step 71: -233355.013
Optimizing linked NONREV+FO parameters across all partitions (379 free parameters)
Linked-model log-likelihood: -233355.000
Current log-likelihood at step 72: -233354.965
Optimizing linked NONREV+FO parameters across all partitions (379 free parameters)
Linked-model log-likelihood: -233354.945
Current log-likelihood at step 73: -233354.914
Optimizing linked NONREV+FO parameters across all partitions (379 free parameters)
Linked-model log-likelihood: -233354.879
Current log-likelihood at step 74: -233354.844
Optimizing linked NONREV+FO parameters across all partitions (379 free parameters)
Linked-model log-likelihood: -233354.830
Current log-likelihood at step 75: -233354.795
Optimizing linked NONREV+FO parameters across all partitions (379 free parameters)
Linked-model log-likelihood: -233354.783
Current log-likelihood at step 76: -233354.747
Optimizing linked NONREV+FO parameters across all partitions (379 free parameters)
Linked-model log-likelihood: -233354.735
Current log-likelihood at step 77: -233354.702
Optimizing linked NONREV+FO parameters across all partitions (379 free parameters)
Linked-model log-likelihood: -233354.653
Current log-likelihood at step 78: -233354.620
Optimizing linked NONREV+FO parameters across all partitions (379 free parameters)
Linked-model log-likelihood: -233354.602
Current log-likelihood at step 79: -233354.567
Optimizing linked NONREV+FO parameters across all partitions (379 free parameters)
Linked-model log-likelihood: -233354.557
Current log-likelihood at step 80: -233354.525
Optimizing linked NONREV+FO parameters across all partitions (379 free parameters)
Linked-model log-likelihood: -233354.514
Current log-likelihood at step 81: -233354.481
Optimizing linked NONREV+FO parameters across all partitions (379 free parameters)
Linked-model log-likelihood: -233354.473
Current log-likelihood at step 82: -233354.439
Optimizing linked NONREV+FO parameters across all partitions (379 free parameters)
Linked-model log-likelihood: -233354.424
Current log-likelihood at step 83: -233354.391
Optimizing linked NONREV+FO parameters across all partitions (379 free parameters)
Linked-model log-likelihood: -233354.373
Current log-likelihood at step 84: -233354.340
Optimizing linked NONREV+FO parameters across all partitions (379 free parameters)
Linked-model log-likelihood: -233354.318
Current log-likelihood at step 85: -233354.284
Optimizing linked NONREV+FO parameters across all partitions (379 free parameters)
Linked-model log-likelihood: -233354.268
Current log-likelihood at step 86: -233354.234
Optimizing linked NONREV+FO parameters across all partitions (379 free parameters)
Linked-model log-likelihood: -233354.221
Current log-likelihood at step 87: -233354.189
Optimizing linked NONREV+FO parameters across all partitions (379 free parameters)
Linked-model log-likelihood: -233354.178
Current log-likelihood at step 88: -233354.145
Optimizing linked NONREV+FO parameters across all partitions (379 free parameters)
Linked-model log-likelihood: -233354.124
Current log-likelihood at step 89: -233354.091
Optimizing linked NONREV+FO parameters across all partitions (379 free parameters)
Linked-model log-likelihood: -233354.070
Current log-likelihood at step 90: -233354.038
Optimizing linked NONREV+FO parameters across all partitions (379 free parameters)
Linked-model log-likelihood: -233354.030
Current log-likelihood at step 91: -233353.999
Optimizing linked NONREV+FO parameters across all partitions (379 free parameters)
Linked-model log-likelihood: -233353.988
Current log-likelihood at step 92: -233353.956
Optimizing linked NONREV+FO parameters across all partitions (379 free parameters)
Linked-model log-likelihood: -233353.949
Current log-likelihood at step 93: -233353.909
Optimizing linked NONREV+FO parameters across all partitions (379 free parameters)
Linked-model log-likelihood: -233353.901
Current log-likelihood at step 94: -233353.869
Optimizing linked NONREV+FO parameters across all partitions (379 free parameters)
Linked-model log-likelihood: -233352.510
Current log-likelihood at step 95: -233352.458
Optimizing linked NONREV+FO parameters across all partitions (379 free parameters)
Linked-model log-likelihood: -233351.073
Current log-likelihood at step 96: -233351.019
Optimizing linked NONREV+FO parameters across all partitions (379 free parameters)
Linked-model log-likelihood: -233349.861
Current log-likelihood at step 97: -233349.827
Optimizing linked NONREV+FO parameters across all partitions (379 free parameters)
Linked-model log-likelihood: -233349.568
Current log-likelihood at step 98: -233349.530
Optimizing linked NONREV+FO parameters across all partitions (379 free parameters)
Linked-model log-likelihood: -233349.463
Current log-likelihood at step 99: -233349.429
Partition-specific rates:  0.082 0.670 0.135 0.424 0.774 0.780 1.422 1.955 0.826 0.517 0.240 0.640 2.116 1.769 1.185 0.131 1.118 1.721 1.256 1.806 0.700 0.306 0.155 1.669 1.361 2.015 1.124 2.147 0.083 0.938 1.250 1.732 1.263 0.944 1.903
Parameters optimization took 99 rounds (3638.725 sec)

Wrote distance file to... 
Partition information was printed to TOP.best_model.nex
BEST SCORE FOUND : -233349.429
Testing root positions...
Better root: -233349.427
UPDATE BEST SCORE: -233349.427
Rooted trees with log-likelihoods printed to TOP.roottest.trees
Reading trees in TOP.roottest.trees ...

119 trees detected
Note: 32.726 MB of RAM required!
Creating 1000 bootstrap replicates...
done
Tree 1 / LogL: -233349.427
Tree 2 / LogL: -233350.110
Tree 3 / LogL: -233350.144
Tree 4 / LogL: -233350.972
Tree 5 / LogL: -233350.972
Tree 6 / LogL: -233352.426
Tree 7 / LogL: -233352.427
Tree 8 / LogL: -233352.806
Tree 9 / LogL: -233352.806
Tree 10 / LogL: -233353.563
Tree 11 / LogL: -233353.563
Tree 12 / LogL: -233355.071
Tree 13 / LogL: -233355.899
Tree 14 / LogL: -233357.151
Tree 15 / LogL: -233357.524
Tree 16 / LogL: -233357.643
Tree 17 / LogL: -233358.423
Tree 18 / LogL: -233358.423
Tree 19 / LogL: -233359.742
Tree 20 / LogL: -233360.278
Tree 21 / LogL: -233360.278
Tree 22 / LogL: -233361.933
Tree 23 / LogL: -233361.971
Tree 24 / LogL: -233362.032
Tree 25 / LogL: -233362.032
Tree 26 / LogL: -233363.917
Tree 27 / LogL: -233363.920
Tree 28 / LogL: -233364.736
Tree 29 / LogL: -233364.819
Tree 30 / LogL: -233365.691
Tree 31 / LogL: -233366.160
Tree 32 / LogL: -233366.191
Tree 33 / LogL: -233367.368
Tree 34 / LogL: -233367.598
Tree 35 / LogL: -233367.791
Tree 36 / LogL: -233368.510
Tree 37 / LogL: -233369.202
Tree 38 / LogL: -233370.221
Tree 39 / LogL: -233370.221
Tree 40 / LogL: -233370.562
Tree 41 / LogL: -233370.562
Tree 42 / LogL: -233370.844
Tree 43 / LogL: -233370.844
Tree 44 / LogL: -233371.549
Tree 45 / LogL: -233372.560
Tree 46 / LogL: -233372.831
Tree 47 / LogL: -233373.210
Tree 48 / LogL: -233373.216
Tree 49 / LogL: -233373.216
Tree 50 / LogL: -233374.976
Tree 51 / LogL: -233375.810
Tree 52 / LogL: -233376.607
Tree 53 / LogL: -233376.751
Tree 54 / LogL: -233376.852
Tree 55 / LogL: -233376.778
Tree 56 / LogL: -233376.968
Tree 57 / LogL: -233377.599
Tree 58 / LogL: -233377.928
Tree 59 / LogL: -233378.153
Tree 60 / LogL: -233378.129
Tree 61 / LogL: -233379.280
Tree 62 / LogL: -233381.376
Tree 63 / LogL: -233381.646
Tree 64 / LogL: -233382.916
Tree 65 / LogL: -233383.088
Tree 66 / LogL: -233383.729
Tree 67 / LogL: -233383.729
Tree 68 / LogL: -233384.018
Tree 69 / LogL: -233384.329
Tree 70 / LogL: -233384.612
Tree 71 / LogL: -233385.166
Tree 72 / LogL: -233386.289
Tree 73 / LogL: -233386.505
Tree 74 / LogL: -233386.624
Tree 75 / LogL: -233387.273
Tree 76 / LogL: -233387.809
Tree 77 / LogL: -233387.821
Tree 78 / LogL: -233388.901
Tree 79 / LogL: -233388.969
Tree 80 / LogL: -233390.594
Tree 81 / LogL: -233390.594
Tree 82 / LogL: -233390.710
Tree 83 / LogL: -233392.346
Tree 84 / LogL: -233393.344
Tree 85 / LogL: -233393.694
Tree 86 / LogL: -233393.962
Tree 87 / LogL: -233394.357
Tree 88 / LogL: -233394.479
Tree 89 / LogL: -233395.168
Tree 90 / LogL: -233396.930
Tree 91 / LogL: -233397.147
Tree 92 / LogL: -233398.374
Tree 93 / LogL: -233398.799
Tree 94 / LogL: -233398.897
Tree 95 / LogL: -233399.910
Tree 96 / LogL: -233400.076
Tree 97 / LogL: -233400.566
Tree 98 / LogL: -233401.013
Tree 99 / LogL: -233401.088
Tree 100 / LogL: -233401.102
Tree 101 / LogL: -233401.972
Tree 102 / LogL: -233402.217
Tree 103 / LogL: -233402.660
Tree 104 / LogL: -233402.753
Tree 105 / LogL: -233403.220
Tree 106 / LogL: -233403.493
Tree 107 / LogL: -233403.883
Tree 108 / LogL: -233403.905
Tree 109 / LogL: -233404.099
Tree 110 / LogL: -233405.073
Tree 111 / LogL: -233405.145
Tree 112 / LogL: -233406.474
Tree 113 / LogL: -233408.349
Tree 114 / LogL: -233409.037
Tree 115 / LogL: -233411.027
Tree 116 / LogL: -233412.467
Tree 117 / LogL: -233414.941
Tree 118 / LogL: -233414.941
Tree 119 / LogL: -233421.932
Performing RELL-BP test...
Performing KH and SH test...
Performing ELW test...
Performing approximately unbiased (AU) test...
WARNING: Too few replicates for AU test. At least -zb 10000 for reliable results!
9 MB required for AU test
Generating 10 x 1000 multiscale bootstrap replicates... 0.389 seconds
TreeID	AU	RSS	d	c
1	0.942	3.744	-0.671	0.902
2	0.707	3.621	0.110	0.656
3	0.378	7.947	0.805	0.494
4	0.300	6.539	0.711	0.188
5	0.293	6.035	0.721	0.177
6	0.206	10.303	1.184	0.363
7	0.219	8.057	1.171	0.397
8	0.145	15.327	1.220	0.163
9	0.149	17.700	1.211	0.170
10	0.053	5.156	1.967	0.347
11	0.049	5.492	1.978	0.326
12	0.119	6.419	1.504	0.327
13	0.078	1.667	2.370	0.948
14	0.032	5.176	2.309	0.460
15	0.112	13.239	1.838	0.624
16	0.018	4.408	2.545	0.449
17	0.000	2.592	4.000	-0.258
18	0.000	2.280	3.945	-0.182
19	0.009	1.500	2.679	0.320
20	0.014	5.037	2.364	0.160
21	0.013	5.914	2.368	0.148
22	0.019	3.408	2.737	0.659
23	0.000	5.157	3.536	0.232
24	0.001	1.792	3.338	0.221
25	0.001	1.812	3.330	0.228
26	0.001	0.762	3.546	0.382
27	0.001	2.470	3.445	0.243
28	0.000	4.339	4.118	0.068
29	0.010	11.865	2.445	0.133
30	0.000	11.469	3.872	-0.056
31	0.012	7.785	2.428	0.168
32	0.000	1.138	3.977	0.220
33	0.000	2.039	3.616	0.002
34	0.003	2.412	3.058	0.331
35	0.014	8.175	2.391	0.193
36	0.003	3.983	2.864	0.095
37	0.001	4.281	3.140	-0.045
38	0.002	1.319	3.283	0.428
39	0.001	1.220	3.399	0.326
40	0.001	3.768	3.489	0.297
41	0.001	3.773	3.488	0.298
42	0.001	1.470	3.607	0.567
43	0.001	1.513	3.597	0.570
44	0.000	1.750	5.445	-0.900
45	0.000	0.283	4.254	-0.125
46	0.000	1.576	3.779	0.173
47	0.000	2.502	3.954	0.031
48	0.000	1.477	3.911	0.320
49	0.000	1.479	3.906	0.323
50	0.000	0.608	4.633	-0.206
51	0.001	1.515	3.377	0.257
52	0.000	0.000	11.553	-3.882
53	0.001	1.297	3.377	0.206
54	0.002	6.996	3.195	0.262
55	0.001	1.325	3.366	0.218
56	0.000	2.630	4.489	-0.306
57	0.000	0.096	12.490	-3.963
58	0.009	4.709	2.564	0.210
59	0.000	0.743	10.272	-3.048
60	0.000	2.496	4.905	-0.449
61	0.002	1.813	3.427	0.535
62	0.019	3.114	2.832	0.761
63	0.002	2.734	2.996	0.109
64	0.015	1.732	3.032	0.871
65	0.000	0.816	4.775	-0.214
66	0.000	0.864	3.898	0.052
67	0.000	0.863	3.899	0.052
68	0.000	0.000	9.900	-2.776
69	0.000	0.075	9.720	-2.615
70	0.002	1.963	3.433	0.533
71	0.001	2.051	3.185	0.079
72	0.028	1.795	2.845	0.936
73	0.000	0.000	14.198	-4.975
74	0.007	4.797	2.912	0.469
75	0.008	2.948	3.021	0.607
76	0.000	0.000	12.512	-4.139
77	0.004	3.309	2.976	0.320
78	0.002	8.411	2.907	0.041
79	0.000	0.090	12.399	-3.900
80	0.000	0.685	3.489	0.169
81	0.000	0.684	3.489	0.169
82	0.000	0.519	10.877	-3.369
83	0.000	0.325	13.152	-4.561
84	0.010	7.050	2.640	0.314
85	0.000	0.010	12.533	-3.821
86	0.005	5.007	2.785	0.174
87	0.000	0.813	3.759	0.226
88	0.000	1.218	3.956	0.296
89	0.000	0.062	9.317	-2.360
90	0.000	0.000	11.544	-3.351
91	0.000	0.000	14.695	-5.310
92	0.005	6.159	2.854	0.296
93	0.000	0.976	4.414	-0.103
94	0.000	0.000	11.146	-2.850
95	0.002	0.470	3.502	0.607
96	0.000	0.062	10.201	-2.595
97	0.000	0.000	11.456	-3.631
98	0.005	3.038	3.170	0.564
99	0.001	2.306	3.371	0.246
100	0.002	5.155	3.013	0.105
101	0.011	4.061	2.988	0.694
102	0.000	0.000	15.156	-5.488
103	0.001	0.593	3.388	0.346
104	0.001	0.400	3.466	0.353
105	0.000	0.070	13.127	-4.496
106	0.000	0.614	4.499	-0.084
107	0.004	1.471	3.111	0.484
108	0.000	0.442	4.464	0.018
109	0.000	0.557	3.769	0.017
110	0.000	0.000	16.144	-5.813
111	0.000	0.385	3.762	0.341
112	0.001	0.748	3.560	0.414
113	0.000	0.304	12.719	-4.381
114	0.000	0.000	12.074	-3.700
115	0.000	1.217	4.055	0.197
116	0.000	4.369	3.625	0.056
117	0.000	0.000	11.664	-3.804
118	0.000	0.000	21.100	-8.521
119	0.000	0.000	15.164	-5.434
Time for AU test: 0.398 seconds
Time for evaluating all trees: 109.941 sec.
Tree test results printed to TOP.roottest.csv
Total tree length: 9.668

Total number of iterations: 0
CPU time used for tree search: 0.000 sec (0h:0m:0s)
Wall-clock time used for tree search: 0.000 sec (0h:0m:0s)
Total CPU time used: 120584.260 sec (33h:29m:44s)
Total wall-clock time used: 4126.794 sec (1h:8m:46s)

Analysis results written to: 
  IQ-TREE report:                TOP.iqtree
  Maximum-likelihood tree:       TOP.treefile
  Screen log file:               TOP.log

Date and Time: Tue Aug 27 14:27:50 2024
