IQ-TREE multicore version 2.3.6 for Linux x86 64-bit built Aug  4 2024
Developed by Bui Quang Minh, Nguyen Lam Tung, Olga Chernomor, Heiko Schmidt,
Dominik Schrempf, Michael Woodhams, Ly Trong Nhan, Thomas Wong

Host:    rona.rsb.anu.edu.au (AVX2, FMA3, 1007 GB RAM)
Command: iqtree2 --seed 2222 -s ../Laumer2018.relabelled.outgroup_rem.fasta -p REV_laumer.best_scheme.nex -mdef NQ.laumer.nex --model-joint NQ.laumer --root-test -zb 1000 -au -te NONREV_laumer.treefile -T 50 --prefix TOP_laumer
Seed:    2222 (Using SPRNG - Scalable Parallel Random Number Generator)
Time:    Mon Sep  9 12:57:48 2024
Kernel:  AVX+FMA - 50 threads (256 CPU cores detected)

Reading partition model file REV_laumer.best_scheme.nex ...
Reading alignment file ../Laumer2018.relabelled.outgroup_rem.fasta ... Fasta format detected
Reading fasta file: done in 0.0673426 secs using 76.72% CPU
Alignment most likely contains protein sequences
Alignment has 52 sequences with 94444 columns, 91686 distinct patterns
72871 parsimony-informative, 13680 singleton sites, 7892 constant sites
                                         Gap/Ambiguity  Composition  p-value
Analyzing sequences: done in 0.0186393 secs using 4145% CPU
   1  BILATERIA_Isodiametra_pulchra              5.90%    failed      0.00%
   2  BILATERIA_Capitella_teleta                 7.70%    failed      0.00%
   3  BILATERIA_Drosophila_melanogaster         41.92%    failed      0.00%
   4  BILATERIA_Lingula_anatina                 31.65%    failed      0.00%
   5  CNIDARIA_Alatina_alata                    22.12%    failed      0.03%
   6  CNIDARIA_Acropora_digitifera              53.29%    failed      1.50%
   7  CNIDARIA_Alcyonium_palmatum               35.96%    failed      0.00%
   8  CNIDARIA_Abylopsis_tetragona              21.39%    failed      0.00%
   9  CNIDARIA_Craspedacusta_sowerbyi            8.44%    failed      0.00%
  10  CNIDARIA_Exaiptasia_pallida               13.79%    failed      0.00%
  11  CNIDARIA_Gorgonia_ventalina               22.39%    failed      0.00%
  12  CNIDARIA_Hydra_vulgaris                   18.03%    failed      0.00%
  13  CNIDARIA_Lucernariopsis_campanulata       32.21%    failed      0.01%
  14  CNIDARIA_Liriope_tetraphylla              46.25%    failed      0.00%
  15  CNIDARIA_Nematostella_vectensis            6.95%    passed      9.15%
  16  CNIDARIA_Pelagia_noctiluca                24.11%    failed      0.00%
  17  CNIDARIA_Stomolophus_meleagris            29.69%    failed      0.00%
  18  BILATERIA_Mus_musculus                    21.77%    failed      0.00%
  19  CTENOPHORA_Beroe_abyssicola               22.07%    failed      0.00%
  20  CTENOPHORA_Coeloplana_cf_meteoris         18.65%    failed      0.00%
  21  CTENOPHORA_Euplokamis_dunlapae            55.71%    failed      0.00%
  22  CTENOPHORA_Mnemiopsis_leidyi              15.92%    failed      0.00%
  23  CTENOPHORA_Pleurobrachia_bachei           42.26%    failed      0.00%
  24  CTENOPHORA_Vallicula_multiformis          55.59%    failed      0.00%
  25  BILATERIA_Strongylocentrotus_purpuratus   10.62%    failed      0.00%
  26  BILATERIA_Limnognathia_maerski            21.32%    failed      0.00%
  27  BILATERIA_Crassostrea_gigas               19.57%    failed      0.00%
  28  BILATERIA_Pristionchus_pacificus          33.37%    failed      0.00%
  29  BILATERIA_Nemertoderma_westbladi          56.57%    failed      0.00%
  30  PLACOZOA_Trichoplax_sp_11                 22.76%    failed      0.00%
  31  PLACOZOA_Trichoplax_adhaerens              5.02%    failed      0.00%
  32  PLACOZOA_Trichoplax_sp_H4                  8.83%    failed      0.00%
  33  PLACOZOA_Trichoplax_sp_H6                 16.18%    failed      0.00%
  34  BILATERIA_Schistosoma_mansoni             13.21%    failed      0.00%
  35  PORIFERA_Amphimedon_queenslandica         18.30%    failed      0.00%
  36  PORIFERA_Corticium_candelabrum            50.60%    failed      0.00%
  37  PORIFERA_Clathrina_coriacea               55.80%    failed      0.00%
  38  PORIFERA_Crella_elegans                   68.04%    failed      0.00%
  39  PORIFERA_Chondrilla_caribensis            40.44%    failed      0.00%
  40  PORIFERA_Cliona_varians                   28.73%    failed      0.00%
  41  PORIFERA_Euplectella_aspergillum          61.91%    failed      0.00%
  42  PORIFERA_Leucosolenia_complicata          25.81%    failed      0.00%
  43  PORIFERA_Oscarella_carmela                49.10%    failed      0.00%
  44  PORIFERA_Petrosia_ficiformis              32.99%    failed      0.00%
  45  PORIFERA_Sycon_ciliatum                   52.10%    failed      0.00%
  46  PORIFERA_Sycon_coactum                    40.51%    failed      0.00%
  47  PORIFERA_Spongilla_lacustris              37.03%    failed      0.00%
  48  PORIFERA_Sympagella_nux                   33.53%    failed      0.00%
  49  NA_PORI_s                                 65.17%    failed      0.00%
  50  BILATERIA_Priapulus_caudatus              61.88%    failed      0.00%
  51  BILATERIA_Ramazzottius_varieornatus        6.49%    failed      0.00%
  52  BILATERIA_Xenoturbella_bocki               7.82%    failed      0.00%
WARNING: 11 sequences contain more than 50% gaps/ambiguity
****  TOTAL                                     30.72%  51 sequences failed composition chi2 test (p-value<5%; df=19)

Loading 303 partitions...
Subset	Type	Seqs	Sites	Infor	Invar	Model	Name
1	AA	43	1352	336	708	Q.insect+R3	gene_0001
2	AA	29	1820	1192	339	Q.insect+I+R4	gene_0002
3	AA	34	827	636	60	Q.insect+I+G4	gene_0003
4	AA	45	575	489	28	LG+I+G4	gene_0004
5	AA	39	991	645	182	Q.insect+I+R4	gene_0005
6	AA	39	848	261	221	Q.insect+R4	gene_0006
7	AA	47	421	357	19	Blosum62+R4	gene_0007
8	AA	36	546	384	95	LG+I+R4	gene_0008
9	AA	41	729	535	28	VT+I+R3	gene_0009
10	AA	45	750	531	62	LG+I+R4	gene_0010
11	AA	38	868	571	140	Q.yeast+R4	gene_0011
12	AA	41	613	544	11	Q.insect+I+G4	gene_0012
13	AA	35	664	407	88	Q.insect+R4	gene_0013
14	AA	36	322	286	7	LG+G4	gene_0014
15	AA	41	439	402	5	Q.insect+G4	gene_0015
16	AA	32	665	590	10	Q.insect+G4	gene_0016
17	AA	46	579	531	11	Q.insect+R4	gene_0017
18	AA	45	750	684	23	Q.insect+R5	gene_0018
19	AA	35	639	330	161	Q.insect+R4	gene_0019
20	AA	41	663	573	18	Q.insect+G4	gene_0020
21	AA	36	409	349	8	Q.insect+I+G4	gene_0021
22	AA	30	671	448	91	LG+F+G4	gene_0022
23	AA	34	797	698	33	Q.insect+R5	gene_0023
24	AA	47	654	476	28	Q.insect+R4	gene_0024
25	AA	42	413	343	46	VT+I+R4	gene_0025
26	AA	46	499	449	9	Q.insect+I+G4	gene_0026
27	AA	43	522	466	4	Q.insect+G4	gene_0027
28	AA	44	443	173	146	Q.insect+R4	gene_0028
29	AA	33	716	431	206	Q.insect+R4	gene_0029
30	AA	35	242	207	7	Q.insect+G4	gene_0030
31	AA	33	730	639	15	Q.insect+R4	gene_0031
32	AA	48	813	697	10	Q.insect+G4	gene_0032
33	AA	41	294	231	27	Q.insect+R4	gene_0033
34	AA	44	510	475	12	Q.pfam+R5	gene_0034
35	AA	39	562	424	33	Q.insect+G4	gene_0035
36	AA	38	480	379	41	Q.insect+R4	gene_0036
37	AA	28	233	192	17	Q.yeast+G4	gene_0037
38	AA	38	519	307	79	LG+R4	gene_0038
39	AA	40	656	483	100	LG+I+G4	gene_0039
40	AA	49	351	340	0	Q.insect+R5	gene_0040
41	AA	42	505	159	201	Q.insect+R4	gene_0041
42	AA	33	669	513	72	Q.insect+I+G4	gene_0042
43	AA	40	487	399	51	LG+R5	gene_0043
44	AA	49	483	451	11	Q.insect+R4	gene_0044
45	AA	35	418	311	56	Q.yeast+I+G4	gene_0045
46	AA	35	650	566	32	Q.insect+R4	gene_0046
47	AA	38	418	387	7	Q.insect+R4	gene_0047
48	AA	38	531	319	68	Q.insect+R4	gene_0048
49	AA	42	477	435	11	Q.insect+I+G4	gene_0049
50	AA	34	576	484	18	Q.insect+R4	gene_0050
51	AA	38	239	200	5	Q.pfam+G4	gene_0051
52	AA	42	459	414	24	LG+F+R5	gene_0052
53	AA	42	480	443	13	LG+I+G4	gene_0053
54	AA	36	711	648	21	Q.pfam+F+I+G4	gene_0054
55	AA	36	451	403	7	Q.insect+G4	gene_0055
56	AA	42	438	341	47	Q.insect+I+G4	gene_0056
57	AA	41	427	332	20	LG+R4	gene_0057
58	AA	42	424	178	138	LG+R3	gene_0058
59	AA	29	655	462	111	LG+I+G4	gene_0059
60	AA	44	547	471	43	Q.pfam+I+G4	gene_0060
61	AA	42	504	460	3	Q.insect+R4	gene_0061
62	AA	38	722	549	67	Q.insect+I+G4	gene_0062
63	AA	37	557	373	61	Q.yeast+R4	gene_0063
64	AA	40	391	315	48	Q.insect+I+G4	gene_0064
65	AA	36	319	265	5	Q.insect+G4	gene_0065
66	AA	29	413	283	63	LG+I+G4	gene_0066
67	AA	42	406	306	21	VT+R3	gene_0067
68	AA	37	362	279	22	LG+G4	gene_0068
69	AA	43	458	347	16	Q.pfam+R4	gene_0069
70	AA	42	411	332	49	Q.yeast+F+R5	gene_0070
71	AA	42	474	392	26	Q.insect+G4	gene_0071
72	AA	37	287	253	3	LG+F+G4	gene_0072
73	AA	49	415	335	9	Q.insect+G4	gene_0073
74	AA	40	422	328	34	Q.insect+G4	gene_0074
75	AA	42	500	387	62	LG+R5	gene_0075
76	AA	48	342	314	9	Q.insect+I+G4	gene_0076
77	AA	39	277	222	24	LG+F+I+G4	gene_0077
78	AA	41	378	216	49	LG+R4	gene_0078
79	AA	43	339	272	20	Q.insect+G4	gene_0079
80	AA	44	333	187	46	Q.insect+R4	gene_0080
81	AA	32	314	259	18	Q.insect+R4	gene_0081
82	AA	40	404	340	24	Q.insect+R4	gene_0082
83	AA	42	185	152	8	Q.insect+I+G4	gene_0083
84	AA	42	326	306	1	Q.insect+G4	gene_0084
85	AA	45	376	321	16	Q.yeast+I+G4	gene_0085
86	AA	39	570	490	57	LG+I+R4	gene_0086
87	AA	37	156	133	3	LG+F+G4	gene_0087
88	AA	44	202	161	1	Q.insect+R3	gene_0088
89	AA	35	251	233	5	Q.insect+I+G4	gene_0089
90	AA	37	258	208	7	LG+G4	gene_0090
91	AA	44	333	292	7	VT+R4	gene_0091
92	AA	43	285	234	5	Q.yeast+G4	gene_0092
93	AA	33	312	252	30	LG+I+G4	gene_0093
94	AA	44	230	189	8	Q.insect+R4	gene_0094
95	AA	44	478	438	3	Q.insect+R3	gene_0095
96	AA	33	418	361	25	LG+F+I+G4	gene_0096
97	AA	40	388	320	29	LG+I+G4	gene_0097
98	AA	43	205	181	14	Q.insect+I+G4	gene_0098
99	AA	44	425	407	4	Q.insect+R5	gene_0099
100	AA	40	292	209	42	Q.insect+R5	gene_0100
101	AA	39	255	223	9	Q.yeast+I+G4	gene_0101
102	AA	35	296	230	21	Q.insect+G4	gene_0102
103	AA	31	245	190	26	LG+I+G4	gene_0103
104	AA	34	379	244	27	LG+R3	gene_0104
105	AA	38	344	306	5	Q.insect+G4	gene_0105
106	AA	41	280	234	6	Q.insect+G4	gene_0106
107	AA	36	342	248	26	Q.insect+G4	gene_0107
108	AA	36	429	378	29	Q.insect+I+G4	gene_0108
109	AA	36	222	198	20	Blosum62+R4	gene_0109
110	AA	42	371	323	20	Q.insect+I+G4	gene_0110
111	AA	40	226	197	4	PMB+G4	gene_0111
112	AA	42	244	220	8	Q.yeast+I+G4	gene_0112
113	AA	38	249	210	0	Q.insect+G4	gene_0113
114	AA	40	310	218	5	LG+R4	gene_0114
115	AA	40	341	275	20	Q.insect+G4	gene_0115
116	AA	42	378	288	38	Q.yeast+R5	gene_0116
117	AA	39	307	191	32	LG+G4	gene_0117
118	AA	40	271	220	7	LG+F+G4	gene_0118
119	AA	38	375	288	17	Q.insect+G4	gene_0119
120	AA	39	349	240	40	Q.yeast+R4	gene_0120
121	AA	35	206	177	6	LG+G4	gene_0121
122	AA	40	192	166	6	Q.yeast+G4	gene_0122
123	AA	33	302	257	11	Q.insect+G4	gene_0123
124	AA	34	226	201	13	LG+R5	gene_0124
125	AA	37	239	220	4	Q.insect+G4	gene_0125
126	AA	46	185	140	2	VT+R3	gene_0126
127	AA	45	434	364	33	Q.insect+I+G4	gene_0127
128	AA	46	283	259	5	Q.yeast+F+R5	gene_0128
129	AA	45	295	210	56	Q.yeast+R4	gene_0129
130	AA	42	227	186	13	LG+G4	gene_0130
131	AA	44	368	300	35	Q.insect+R4	gene_0131
132	AA	33	369	260	17	LG+G4	gene_0132
133	AA	33	523	406	62	Q.insect+I+G4	gene_0133
134	AA	36	192	150	18	Q.yeast+G4	gene_0134
135	AA	35	258	206	29	LG+I+G4	gene_0135
136	AA	31	316	161	89	LG+R4	gene_0136
137	AA	39	359	278	14	Q.pfam+G4	gene_0137
138	AA	41	270	200	8	Q.yeast+G4	gene_0138
139	AA	41	308	252	24	Q.insect+I+G4	gene_0139
140	AA	29	196	177	2	Q.pfam+I+G4	gene_0140
141	AA	39	225	197	4	VT+R4	gene_0141
142	AA	38	260	214	15	LG+G4	gene_0142
143	AA	36	224	166	4	Q.pfam+G4	gene_0143
144	AA	34	248	212	8	Q.insect+I+G4	gene_0144
145	AA	29	307	253	8	LG+G4	gene_0145
146	AA	37	210	172	19	Q.yeast+I+G4	gene_0146
147	AA	36	261	205	5	Q.insect+R4	gene_0147
148	AA	41	306	216	53	Q.yeast+I+G4	gene_0148
149	AA	33	128	88	2	Q.insect+R4	gene_0149
150	AA	40	240	178	14	Q.insect+G4	gene_0150
151	AA	40	260	235	2	Q.insect+G4	gene_0151
152	AA	35	257	209	7	Q.insect+G4	gene_0152
153	AA	26	208	167	13	Q.pfam+I+G4	gene_0153
154	AA	36	270	176	69	Q.yeast+I+G4	gene_0154
155	AA	39	255	188	14	LG+G4	gene_0155
156	AA	39	323	281	10	Q.insect+I+G4	gene_0156
157	AA	43	223	187	12	PMB+R4	gene_0157
158	AA	30	377	244	57	LG+R4	gene_0158
159	AA	31	365	265	19	LG+G4	gene_0159
160	AA	36	254	227	15	LG+R4	gene_0160
161	AA	39	249	222	9	Q.insect+I+G4	gene_0161
162	AA	28	236	131	52	LG+G4	gene_0162
163	AA	45	289	232	4	LG+G4	gene_0163
164	AA	45	223	192	8	LG+G4	gene_0164
165	AA	36	283	232	23	LG+I+G4	gene_0165
166	AA	34	343	260	23	Q.insect+G4	gene_0166
167	AA	36	240	164	19	LG+G4	gene_0167
168	AA	38	229	183	7	Q.insect+G4	gene_0168
169	AA	39	260	126	66	Q.insect+I+R4	gene_0169
170	AA	41	278	232	9	LG+G4	gene_0170
171	AA	40	283	251	6	Q.insect+G4	gene_0171
172	AA	40	192	156	1	Q.insect+G4	gene_0172
173	AA	39	191	157	8	Q.pfam+G4	gene_0173
174	AA	40	263	199	30	LG+I+G4	gene_0174
175	AA	40	235	182	4	Q.insect+G4	gene_0175
176	AA	39	252	154	63	Q.yeast+I+G4	gene_0176
177	AA	32	324	289	18	Q.pfam+I+G4	gene_0177
178	AA	41	170	151	2	LG+G4	gene_0178
179	AA	42	286	256	3	Q.insect+R4	gene_0179
180	AA	36	256	198	33	LG+I+G4	gene_0180
181	AA	38	243	186	7	Q.insect+G4	gene_0181
182	AA	34	218	183	20	LG+I+G4	gene_0182
183	AA	36	186	165	3	LG+G4	gene_0183
184	AA	40	397	325	23	LG+G4	gene_0184
185	AA	39	109	97	0	Q.insect+G4	gene_0185
186	AA	34	319	294	7	Q.insect+I+G4	gene_0186
187	AA	33	193	173	1	LG+G4	gene_0187
188	AA	30	434	325	58	LG+I+G4	gene_0188
189	AA	31	244	148	39	Q.insect+G4	gene_0189
190	AA	39	271	223	11	Q.pfam+G4	gene_0190
191	AA	40	128	84	11	Q.insect+G4	gene_0191
192	AA	42	224	170	4	Q.insect+G4	gene_0192
193	AA	33	241	206	17	Q.insect+I+G4	gene_0193
194	AA	43	288	261	7	LG+R4	gene_0194
195	AA	39	161	146	7	Q.pfam+F+G4	gene_0195
196	AA	39	192	174	11	LG+I+G4	gene_0196
197	AA	38	242	197	11	Q.pfam+G4	gene_0197
198	AA	34	213	99	15	Q.insect+R3	gene_0198
199	AA	36	190	138	31	Q.insect+G4	gene_0199
200	AA	28	340	272	33	LG+R4	gene_0200
201	AA	28	130	117	1	Q.insect+G4	gene_0201
202	AA	30	285	230	29	LG+I+G4	gene_0202
203	AA	41	187	138	2	LG+G4	gene_0203
204	AA	30	115	79	5	Q.insect+G4	gene_0204
205	AA	37	376	310	22	Q.insect+I+G4	gene_0205
206	AA	44	175	145	14	VT+R4	gene_0206
207	AA	34	210	164	30	Q.yeast+I+G4	gene_0207
208	AA	39	160	55	23	Blosum62+R3	gene_0208
209	AA	46	270	205	40	Q.yeast+G4	gene_0209
210	AA	42	193	124	24	Q.insect+G4	gene_0210
211	AA	38	173	126	27	LG+I+G4	gene_0211
212	AA	35	223	204	8	Q.insect+I+G4	gene_0212
213	AA	39	166	140	4	Q.insect+R4	gene_0213
214	AA	44	137	106	5	Q.insect+G4	gene_0214
215	AA	30	166	140	2	Q.insect+G4	gene_0215
216	AA	40	176	167	1	LG+G4	gene_0216
217	AA	36	190	134	12	Q.insect+G4	gene_0217
218	AA	31	156	137	2	Q.pfam+G4	gene_0218
219	AA	41	170	102	6	Q.insect+R3	gene_0219
220	AA	46	263	186	12	LG+R4	gene_0220
221	AA	40	217	181	14	Q.yeast+I+G4	gene_0221
222	AA	33	188	111	13	Q.insect+G4	gene_0222
223	AA	42	155	74	39	Q.insect+I+R3	gene_0223
224	AA	44	185	165	2	LG+G4	gene_0224
225	AA	43	225	149	43	Q.insect+I+G4	gene_0225
226	AA	45	198	187	3	Q.insect+R4	gene_0226
227	AA	33	183	121	5	LG+G4	gene_0227
228	AA	36	192	160	9	LG+I+G4	gene_0228
229	AA	30	165	112	16	LG+G4	gene_0229
230	AA	38	282	207	41	Q.yeast+I+G4	gene_0230
231	AA	38	143	116	3	Q.insect+G4	gene_0231
232	AA	37	98	80	2	Q.insect+G4	gene_0232
233	AA	37	245	186	11	Q.insect+R4	gene_0233
234	AA	37	237	196	4	Q.insect+G4	gene_0234
235	AA	39	228	169	17	LG+G4	gene_0235
236	AA	38	168	117	19	LG+G4	gene_0236
237	AA	40	205	189	1	Q.yeast+G4	gene_0237
238	AA	37	133	101	8	VT+R3	gene_0238
239	AA	36	188	118	13	Q.insect+G4	gene_0239
240	AA	40	162	135	1	Q.insect+G4	gene_0240
241	AA	38	180	126	21	Q.insect+G4	gene_0241
242	AA	43	163	149	3	VT+F+G4	gene_0242
243	AA	43	203	153	10	Q.insect+G4	gene_0243
244	AA	34	169	113	7	WAG+R3	gene_0244
245	AA	35	154	143	0	LG+G4	gene_0245
246	AA	42	262	243	4	Q.insect+R4	gene_0246
247	AA	35	130	109	3	Q.pfam+G4	gene_0247
248	AA	28	220	183	9	LG+F+G4	gene_0248
249	AA	31	187	171	3	Q.yeast+G4	gene_0249
250	AA	34	168	120	4	Q.yeast+G4	gene_0250
251	AA	39	147	121	1	Q.insect+G4	gene_0251
252	AA	39	203	156	17	LG+R4	gene_0252
253	AA	39	144	79	6	Q.insect+R2	gene_0253
254	AA	35	175	146	9	LG+G4	gene_0254
255	AA	39	170	119	5	Q.pfam+G4	gene_0255
256	AA	40	184	169	1	Q.insect+G4	gene_0256
257	AA	38	129	115	5	Q.insect+I+R4	gene_0257
258	AA	31	186	167	4	Q.insect+G4	gene_0258
259	AA	45	292	227	12	Q.insect+G4	gene_0259
260	AA	36	172	114	11	Q.yeast+G4	gene_0260
261	AA	30	101	58	0	Blosum62+R2	gene_0261
262	AA	41	194	175	4	Q.yeast+F+R3	gene_0262
263	AA	41	132	89	7	Q.insect+G4	gene_0263
264	AA	38	337	246	32	Q.insect+I+R3	gene_0264
265	AA	43	108	103	1	LG+I+G4	gene_0265
266	AA	42	435	399	10	Q.insect+I+G4	gene_0266
267	AA	23	175	129	13	LG+G4	gene_0267
268	AA	44	119	100	2	Q.insect+G4	gene_0268
269	AA	38	167	134	1	Q.yeast+G4	gene_0269
270	AA	39	191	164	9	Q.insect+I+G4	gene_0270
271	AA	35	116	68	10	Q.insect+G4	gene_0271
272	AA	46	135	116	1	Q.insect+G4	gene_0272
273	AA	31	109	51	5	Blosum62+R2	gene_0273
274	AA	43	164	142	2	Q.yeast+G4	gene_0274
275	AA	31	110	14	80	PMB+G4	gene_0275
276	AA	40	108	80	1	Q.insect+R3	gene_0276
277	AA	28	122	94	7	Q.yeast+G4	gene_0277
278	AA	46	187	160	4	Q.insect+G4	gene_0278
279	AA	42	94	83	3	Q.insect+G4	gene_0279
280	AA	35	111	81	2	Q.insect+R4	gene_0280
281	AA	34	111	66	28	Q.yeast+G4	gene_0281
282	AA	34	105	90	2	WAG+G4	gene_0282
283	AA	36	79	39	6	Q.insect+R2	gene_0283
284	AA	35	149	111	13	Q.insect+G4	gene_0284
285	AA	26	109	75	0	VT+G4	gene_0285
286	AA	36	103	85	2	Q.yeast+G4	gene_0286
287	AA	34	99	66	18	Q.yeast+G4	gene_0287
288	AA	27	100	45	3	WAG+R2	gene_0288
289	AA	22	65	37	0	Q.pfam+G4	gene_0289
290	AA	28	99	61	3	Q.insect+R3	gene_0290
291	AA	38	92	82	3	Q.pfam+G4	gene_0291
292	AA	40	70	55	0	Q.insect+G4	gene_0292
293	AA	33	179	144	2	Q.insect+G4	gene_0293
294	AA	33	200	176	7	LG+I+G4	gene_0294
295	AA	13	67	8	33	Q.insect+G4	gene_0295
296	AA	31	68	58	2	LG+G4	gene_0296
297	AA	37	119	107	1	Q.insect+G4	gene_0297
298	AA	24	83	65	6	Q.yeast+R3	gene_0298
299	AA	21	70	52	12	Q.insect+G4	gene_0299
300	AA	33	176	165	0	Q.insect+G4	gene_0300
301	AA	37	110	95	0	Q.insect+G4	gene_0301
302	AA	41	100	91	1	Q.insect+G4	gene_0302
303	AA	33	105	94	0	Q.yeast+G4	gene_0303
Degree of missing data: 0.263
Info: multi-threading strategy over partitions

WARNING: States(s) W rarely appear in partition gene_0262 and may cause numerical problems
WARNING: States(s) W rarely appear in partition gene_0275 and may cause numerical problems
WARNING: States(s) W rarely appear in partition gene_0287 and may cause numerical problems
WARNING: States(s) W rarely appear in partition gene_0299 and may cause numerical problems
Reading model definition file NQ.laumer.nex ... 87 models and 214 frequency vectors loaded
Reading input tree file NONREV_laumer.treefile ... rooted tree
WARNING: Normalizing state frequencies so that sum of them equals to 1
WARNING: Normalizing state frequencies so that sum of them equals to 1
WARNING: Normalizing state frequencies so that sum of them equals to 1
WARNING: Normalizing state frequencies so that sum of them equals to 1
WARNING: Normalizing state frequencies so that sum of them equals to 1
WARNING: Normalizing state frequencies so that sum of them equals to 1
WARNING: Normalizing state frequencies so that sum of them equals to 1
WARNING: Normalizing state frequencies so that sum of them equals to 1
WARNING: Normalizing state frequencies so that sum of them equals to 1
WARNING: Normalizing state frequencies so that sum of them equals to 1
WARNING: Normalizing state frequencies so that sum of them equals to 1
WARNING: Normalizing state frequencies so that sum of them equals to 1
WARNING: Normalizing state frequencies so that sum of them equals to 1
WARNING: Normalizing state frequencies so that sum of them equals to 1
WARNING: Normalizing state frequencies so that sum of them equals to 1
WARNING: Normalizing state frequencies so that sum of them equals to 1
WARNING: Normalizing state frequencies so that sum of them equals to 1
WARNING: Normalizing state frequencies so that sum of them equals to 1
WARNING: Normalizing state frequencies so that sum of them equals to 1
WARNING: Normalizing state frequencies so that sum of them equals to 1
WARNING: Normalizing state frequencies so that sum of them equals to 1
WARNING: Normalizing state frequencies so that sum of them equals to 1
WARNING: Normalizing state frequencies so that sum of them equals to 1
WARNING: Normalizing state frequencies so that sum of them equals to 1
WARNING: Normalizing state frequencies so that sum of them equals to 1
WARNING: Normalizing state frequencies so that sum of them equals to 1
WARNING: Normalizing state frequencies so that sum of them equals to 1
WARNING: Normalizing state frequencies so that sum of them equals to 1
WARNING: Normalizing state frequencies so that sum of them equals to 1
WARNING: Normalizing state frequencies so that sum of them equals to 1
WARNING: Normalizing state frequencies so that sum of them equals to 1
WARNING: Normalizing state frequencies so that sum of them equals to 1
WARNING: Normalizing state frequencies so that sum of them equals to 1
WARNING: Normalizing state frequencies so that sum of them equals to 1
WARNING: Normalizing state frequencies so that sum of them equals to 1
WARNING: Normalizing state frequencies so that sum of them equals to 1
WARNING: Normalizing state frequencies so that sum of them equals to 1
WARNING: Normalizing state frequencies so that sum of them equals to 1
WARNING: Normalizing state frequencies so that sum of them equals to 1
WARNING: Normalizing state frequencies so that sum of them equals to 1
WARNING: Normalizing state frequencies so that sum of them equals to 1
WARNING: Normalizing state frequencies so that sum of them equals to 1
WARNING: Normalizing state frequencies so that sum of them equals to 1
WARNING: Normalizing state frequencies so that sum of them equals to 1
WARNING: Normalizing state frequencies so that sum of them equals to 1
WARNING: Normalizing state frequencies so that sum of them equals to 1
WARNING: Normalizing state frequencies so that sum of them equals to 1
WARNING: Normalizing state frequencies so that sum of them equals to 1
WARNING: Normalizing state frequencies so that sum of them equals to 1
WARNING: Normalizing state frequencies so that sum of them equals to 1
WARNING: Normalizing state frequencies so that sum of them equals to 1
WARNING: Normalizing state frequencies so that sum of them equals to 1
WARNING: Normalizing state frequencies so that sum of them equals to 1
WARNING: Normalizing state frequencies so that sum of them equals to 1
WARNING: Normalizing state frequencies so that sum of them equals to 1
WARNING: Normalizing state frequencies so that sum of them equals to 1
WARNING: Normalizing state frequencies so that sum of them equals to 1
WARNING: Normalizing state frequencies so that sum of them equals to 1
WARNING: Normalizing state frequencies so that sum of them equals to 1
WARNING: Normalizing state frequencies so that sum of them equals to 1
WARNING: Normalizing state frequencies so that sum of them equals to 1
WARNING: Normalizing state frequencies so that sum of them equals to 1
WARNING: Normalizing state frequencies so that sum of them equals to 1
WARNING: Normalizing state frequencies so that sum of them equals to 1
WARNING: Normalizing state frequencies so that sum of them equals to 1
WARNING: Normalizing state frequencies so that sum of them equals to 1
WARNING: Normalizing state frequencies so that sum of them equals to 1
WARNING: Normalizing state frequencies so that sum of them equals to 1
WARNING: Normalizing state frequencies so that sum of them equals to 1
WARNING: Normalizing state frequencies so that sum of them equals to 1
WARNING: Normalizing state frequencies so that sum of them equals to 1
WARNING: Normalizing state frequencies so that sum of them equals to 1
WARNING: Normalizing state frequencies so that sum of them equals to 1
WARNING: Normalizing state frequencies so that sum of them equals to 1
WARNING: Normalizing state frequencies so that sum of them equals to 1
WARNING: Normalizing state frequencies so that sum of them equals to 1
WARNING: Normalizing state frequencies so that sum of them equals to 1
WARNING: Normalizing state frequencies so that sum of them equals to 1
WARNING: Normalizing state frequencies so that sum of them equals to 1
WARNING: Normalizing state frequencies so that sum of them equals to 1
WARNING: Normalizing state frequencies so that sum of them equals to 1
WARNING: Normalizing state frequencies so that sum of them equals to 1
WARNING: Normalizing state frequencies so that sum of them equals to 1
WARNING: Normalizing state frequencies so that sum of them equals to 1
WARNING: Normalizing state frequencies so that sum of them equals to 1
WARNING: Normalizing state frequencies so that sum of them equals to 1
WARNING: Normalizing state frequencies so that sum of them equals to 1
WARNING: Normalizing state frequencies so that sum of them equals to 1
WARNING: Normalizing state frequencies so that sum of them equals to 1
WARNING: Normalizing state frequencies so that sum of them equals to 1
WARNING: Normalizing state frequencies so that sum of them equals to 1
WARNING: Normalizing state frequencies so that sum of them equals to 1
WARNING: Normalizing state frequencies so that sum of them equals to 1
WARNING: Normalizing state frequencies so that sum of them equals to 1
WARNING: Normalizing state frequencies so that sum of them equals to 1
WARNING: Normalizing state frequencies so that sum of them equals to 1
WARNING: Normalizing state frequencies so that sum of them equals to 1
WARNING: Normalizing state frequencies so that sum of them equals to 1
WARNING: Normalizing state frequencies so that sum of them equals to 1
WARNING: Normalizing state frequencies so that sum of them equals to 1
WARNING: Normalizing state frequencies so that sum of them equals to 1
WARNING: Normalizing state frequencies so that sum of them equals to 1
WARNING: Normalizing state frequencies so that sum of them equals to 1
WARNING: Normalizing state frequencies so that sum of them equals to 1
WARNING: Normalizing state frequencies so that sum of them equals to 1
WARNING: Normalizing state frequencies so that sum of them equals to 1
WARNING: Normalizing state frequencies so that sum of them equals to 1
WARNING: Normalizing state frequencies so that sum of them equals to 1
WARNING: Normalizing state frequencies so that sum of them equals to 1
WARNING: Normalizing state frequencies so that sum of them equals to 1
WARNING: Normalizing state frequencies so that sum of them equals to 1
WARNING: Normalizing state frequencies so that sum of them equals to 1
WARNING: Normalizing state frequencies so that sum of them equals to 1
WARNING: Normalizing state frequencies so that sum of them equals to 1
WARNING: Normalizing state frequencies so that sum of them equals to 1
WARNING: Normalizing state frequencies so that sum of them equals to 1
WARNING: Normalizing state frequencies so that sum of them equals to 1
WARNING: Normalizing state frequencies so that sum of them equals to 1
WARNING: Normalizing state frequencies so that sum of them equals to 1
WARNING: Normalizing state frequencies so that sum of them equals to 1
WARNING: Normalizing state frequencies so that sum of them equals to 1
WARNING: Normalizing state frequencies so that sum of them equals to 1
WARNING: Normalizing state frequencies so that sum of them equals to 1
WARNING: Normalizing state frequencies so that sum of them equals to 1
WARNING: Normalizing state frequencies so that sum of them equals to 1
WARNING: Normalizing state frequencies so that sum of them equals to 1
WARNING: Normalizing state frequencies so that sum of them equals to 1
WARNING: Normalizing state frequencies so that sum of them equals to 1
WARNING: Normalizing state frequencies so that sum of them equals to 1
WARNING: Normalizing state frequencies so that sum of them equals to 1
WARNING: Normalizing state frequencies so that sum of them equals to 1
WARNING: Normalizing state frequencies so that sum of them equals to 1
WARNING: Normalizing state frequencies so that sum of them equals to 1
WARNING: Normalizing state frequencies so that sum of them equals to 1
WARNING: Normalizing state frequencies so that sum of them equals to 1
WARNING: Normalizing state frequencies so that sum of them equals to 1
WARNING: Normalizing state frequencies so that sum of them equals to 1
WARNING: Normalizing state frequencies so that sum of them equals to 1
WARNING: Normalizing state frequencies so that sum of them equals to 1
WARNING: Normalizing state frequencies so that sum of them equals to 1
WARNING: Normalizing state frequencies so that sum of them equals to 1
WARNING: Normalizing state frequencies so that sum of them equals to 1
WARNING: Normalizing state frequencies so that sum of them equals to 1
WARNING: Normalizing state frequencies so that sum of them equals to 1
WARNING: Normalizing state frequencies so that sum of them equals to 1
WARNING: Normalizing state frequencies so that sum of them equals to 1
WARNING: Normalizing state frequencies so that sum of them equals to 1
WARNING: Normalizing state frequencies so that sum of them equals to 1
WARNING: Normalizing state frequencies so that sum of them equals to 1
WARNING: Normalizing state frequencies so that sum of them equals to 1
WARNING: Normalizing state frequencies so that sum of them equals to 1
WARNING: Normalizing state frequencies so that sum of them equals to 1
WARNING: Normalizing state frequencies so that sum of them equals to 1
WARNING: Normalizing state frequencies so that sum of them equals to 1
WARNING: Normalizing state frequencies so that sum of them equals to 1
WARNING: Normalizing state frequencies so that sum of them equals to 1
WARNING: Normalizing state frequencies so that sum of them equals to 1
WARNING: Normalizing state frequencies so that sum of them equals to 1
WARNING: Normalizing state frequencies so that sum of them equals to 1
WARNING: Normalizing state frequencies so that sum of them equals to 1
WARNING: Normalizing state frequencies so that sum of them equals to 1
WARNING: Normalizing state frequencies so that sum of them equals to 1
WARNING: Normalizing state frequencies so that sum of them equals to 1
WARNING: Normalizing state frequencies so that sum of them equals to 1
WARNING: Normalizing state frequencies so that sum of them equals to 1
WARNING: Normalizing state frequencies so that sum of them equals to 1
WARNING: Normalizing state frequencies so that sum of them equals to 1
WARNING: Normalizing state frequencies so that sum of them equals to 1
WARNING: Normalizing state frequencies so that sum of them equals to 1
WARNING: Normalizing state frequencies so that sum of them equals to 1
WARNING: Normalizing state frequencies so that sum of them equals to 1
WARNING: Normalizing state frequencies so that sum of them equals to 1
WARNING: Normalizing state frequencies so that sum of them equals to 1
WARNING: Normalizing state frequencies so that sum of them equals to 1
WARNING: Normalizing state frequencies so that sum of them equals to 1
WARNING: Normalizing state frequencies so that sum of them equals to 1
WARNING: Normalizing state frequencies so that sum of them equals to 1
WARNING: Normalizing state frequencies so that sum of them equals to 1
WARNING: Normalizing state frequencies so that sum of them equals to 1
WARNING: Normalizing state frequencies so that sum of them equals to 1
WARNING: Normalizing state frequencies so that sum of them equals to 1
WARNING: Normalizing state frequencies so that sum of them equals to 1
WARNING: Normalizing state frequencies so that sum of them equals to 1
WARNING: Normalizing state frequencies so that sum of them equals to 1
WARNING: Normalizing state frequencies so that sum of them equals to 1
WARNING: Normalizing state frequencies so that sum of them equals to 1
WARNING: Normalizing state frequencies so that sum of them equals to 1
WARNING: Normalizing state frequencies so that sum of them equals to 1
WARNING: Normalizing state frequencies so that sum of them equals to 1
WARNING: Normalizing state frequencies so that sum of them equals to 1
WARNING: Normalizing state frequencies so that sum of them equals to 1
WARNING: Normalizing state frequencies so that sum of them equals to 1
WARNING: Normalizing state frequencies so that sum of them equals to 1
WARNING: Normalizing state frequencies so that sum of them equals to 1
WARNING: Normalizing state frequencies so that sum of them equals to 1
WARNING: Normalizing state frequencies so that sum of them equals to 1
WARNING: Normalizing state frequencies so that sum of them equals to 1
WARNING: Normalizing state frequencies so that sum of them equals to 1
WARNING: Normalizing state frequencies so that sum of them equals to 1
WARNING: Normalizing state frequencies so that sum of them equals to 1
WARNING: Normalizing state frequencies so that sum of them equals to 1
WARNING: Normalizing state frequencies so that sum of them equals to 1
WARNING: Normalizing state frequencies so that sum of them equals to 1
WARNING: Normalizing state frequencies so that sum of them equals to 1
WARNING: Normalizing state frequencies so that sum of them equals to 1
WARNING: Normalizing state frequencies so that sum of them equals to 1
WARNING: Normalizing state frequencies so that sum of them equals to 1
WARNING: Normalizing state frequencies so that sum of them equals to 1
WARNING: Normalizing state frequencies so that sum of them equals to 1
WARNING: Normalizing state frequencies so that sum of them equals to 1
WARNING: Normalizing state frequencies so that sum of them equals to 1
WARNING: Normalizing state frequencies so that sum of them equals to 1
WARNING: Normalizing state frequencies so that sum of them equals to 1
WARNING: Normalizing state frequencies so that sum of them equals to 1
WARNING: Normalizing state frequencies so that sum of them equals to 1
WARNING: Normalizing state frequencies so that sum of them equals to 1
WARNING: Normalizing state frequencies so that sum of them equals to 1
WARNING: Normalizing state frequencies so that sum of them equals to 1
WARNING: Normalizing state frequencies so that sum of them equals to 1
WARNING: Normalizing state frequencies so that sum of them equals to 1
WARNING: Normalizing state frequencies so that sum of them equals to 1
WARNING: Normalizing state frequencies so that sum of them equals to 1
WARNING: Normalizing state frequencies so that sum of them equals to 1
WARNING: Normalizing state frequencies so that sum of them equals to 1
WARNING: Normalizing state frequencies so that sum of them equals to 1
WARNING: Normalizing state frequencies so that sum of them equals to 1
WARNING: Normalizing state frequencies so that sum of them equals to 1
WARNING: Normalizing state frequencies so that sum of them equals to 1
WARNING: Normalizing state frequencies so that sum of them equals to 1
WARNING: Normalizing state frequencies so that sum of them equals to 1
WARNING: Normalizing state frequencies so that sum of them equals to 1
WARNING: Normalizing state frequencies so that sum of them equals to 1
WARNING: Normalizing state frequencies so that sum of them equals to 1
WARNING: Normalizing state frequencies so that sum of them equals to 1
WARNING: Normalizing state frequencies so that sum of them equals to 1
WARNING: Normalizing state frequencies so that sum of them equals to 1
WARNING: Normalizing state frequencies so that sum of them equals to 1
WARNING: Normalizing state frequencies so that sum of them equals to 1
WARNING: Normalizing state frequencies so that sum of them equals to 1
WARNING: Normalizing state frequencies so that sum of them equals to 1
WARNING: Normalizing state frequencies so that sum of them equals to 1
WARNING: Normalizing state frequencies so that sum of them equals to 1
WARNING: Normalizing state frequencies so that sum of them equals to 1
WARNING: Normalizing state frequencies so that sum of them equals to 1
WARNING: Normalizing state frequencies so that sum of them equals to 1
WARNING: Normalizing state frequencies so that sum of them equals to 1
WARNING: Normalizing state frequencies so that sum of them equals to 1
WARNING: Normalizing state frequencies so that sum of them equals to 1
WARNING: Normalizing state frequencies so that sum of them equals to 1
WARNING: Normalizing state frequencies so that sum of them equals to 1
WARNING: Normalizing state frequencies so that sum of them equals to 1
WARNING: Normalizing state frequencies so that sum of them equals to 1
WARNING: Normalizing state frequencies so that sum of them equals to 1
WARNING: Normalizing state frequencies so that sum of them equals to 1
WARNING: Normalizing state frequencies so that sum of them equals to 1
WARNING: Normalizing state frequencies so that sum of them equals to 1
WARNING: Normalizing state frequencies so that sum of them equals to 1
WARNING: Normalizing state frequencies so that sum of them equals to 1
WARNING: Normalizing state frequencies so that sum of them equals to 1
WARNING: Normalizing state frequencies so that sum of them equals to 1
WARNING: Normalizing state frequencies so that sum of them equals to 1
WARNING: Normalizing state frequencies so that sum of them equals to 1
WARNING: Normalizing state frequencies so that sum of them equals to 1
WARNING: Normalizing state frequencies so that sum of them equals to 1
WARNING: Normalizing state frequencies so that sum of them equals to 1
WARNING: Normalizing state frequencies so that sum of them equals to 1
WARNING: Normalizing state frequencies so that sum of them equals to 1
WARNING: Normalizing state frequencies so that sum of them equals to 1
WARNING: Normalizing state frequencies so that sum of them equals to 1
WARNING: Normalizing state frequencies so that sum of them equals to 1
WARNING: Normalizing state frequencies so that sum of them equals to 1
WARNING: Normalizing state frequencies so that sum of them equals to 1
WARNING: Normalizing state frequencies so that sum of them equals to 1
WARNING: Normalizing state frequencies so that sum of them equals to 1
WARNING: Normalizing state frequencies so that sum of them equals to 1
WARNING: Normalizing state frequencies so that sum of them equals to 1
WARNING: Normalizing state frequencies so that sum of them equals to 1
WARNING: Normalizing state frequencies so that sum of them equals to 1
WARNING: Normalizing state frequencies so that sum of them equals to 1
WARNING: Normalizing state frequencies so that sum of them equals to 1
WARNING: Normalizing state frequencies so that sum of them equals to 1
WARNING: Normalizing state frequencies so that sum of them equals to 1
WARNING: Normalizing state frequencies so that sum of them equals to 1
WARNING: Normalizing state frequencies so that sum of them equals to 1
WARNING: Normalizing state frequencies so that sum of them equals to 1
WARNING: Normalizing state frequencies so that sum of them equals to 1
WARNING: Normalizing state frequencies so that sum of them equals to 1
WARNING: Normalizing state frequencies so that sum of them equals to 1
WARNING: Normalizing state frequencies so that sum of them equals to 1
WARNING: Normalizing state frequencies so that sum of them equals to 1
WARNING: Normalizing state frequencies so that sum of them equals to 1
WARNING: Normalizing state frequencies so that sum of them equals to 1
WARNING: Normalizing state frequencies so that sum of them equals to 1
WARNING: Normalizing state frequencies so that sum of them equals to 1
WARNING: Normalizing state frequencies so that sum of them equals to 1
WARNING: Normalizing state frequencies so that sum of them equals to 1
WARNING: Normalizing state frequencies so that sum of them equals to 1
WARNING: Normalizing state frequencies so that sum of them equals to 1
WARNING: Normalizing state frequencies so that sum of them equals to 1
WARNING: Normalizing state frequencies so that sum of them equals to 1
WARNING: Normalizing state frequencies so that sum of them equals to 1
WARNING: Normalizing state frequencies so that sum of them equals to 1
WARNING: Normalizing state frequencies so that sum of them equals to 1

NOTE: 2387 MB RAM (2 GB) is required!
Estimate model parameters (epsilon = 0.010)
Initial log-likelihood: -4158152.604
Current log-likelihood at step 1: -4144196.118
Current log-likelihood at step 2: -4143156.963
Current log-likelihood at step 3: -4143033.914
Current log-likelihood at step 4: -4142986.027
Current log-likelihood at step 5: -4142959.901
Current log-likelihood at step 6: -4142942.328
Current log-likelihood at step 7: -4142929.322
Current log-likelihood at step 8: -4142919.221
Current log-likelihood at step 9: -4142911.455
Current log-likelihood at step 10: -4142905.643
Current log-likelihood at step 11: -4142900.498
Current log-likelihood at step 12: -4142895.806
Current log-likelihood at step 13: -4142891.460
Current log-likelihood at step 14: -4142887.371
Current log-likelihood at step 15: -4142883.454
Current log-likelihood at step 16: -4142879.670
Current log-likelihood at step 17: -4142875.995
Current log-likelihood at step 18: -4142872.468
Current log-likelihood at step 19: -4142869.162
Current log-likelihood at step 20: -4142866.142
Current log-likelihood at step 21: -4142863.373
Current log-likelihood at step 22: -4142860.823
Current log-likelihood at step 23: -4142858.456
Current log-likelihood at step 24: -4142829.781
Current log-likelihood at step 25: -4142825.493
Current log-likelihood at step 26: -4142823.599
Current log-likelihood at step 27: -4142821.780
Current log-likelihood at step 28: -4142820.027
Current log-likelihood at step 29: -4142818.364
Current log-likelihood at step 30: -4142816.788
Current log-likelihood at step 31: -4142815.290
Current log-likelihood at step 32: -4142813.877
Current log-likelihood at step 33: -4142812.518
Current log-likelihood at step 34: -4142811.222
Current log-likelihood at step 35: -4142809.984
Current log-likelihood at step 36: -4142808.804
Current log-likelihood at step 37: -4142807.657
Current log-likelihood at step 38: -4142806.555
Current log-likelihood at step 39: -4142805.498
Current log-likelihood at step 40: -4142804.459
Current log-likelihood at step 41: -4142803.452
Current log-likelihood at step 42: -4142802.457
Current log-likelihood at step 43: -4142801.479
Current log-likelihood at step 44: -4142800.487
Current log-likelihood at step 45: -4142799.470
Current log-likelihood at step 46: -4142798.375
Current log-likelihood at step 47: -4142797.182
Current log-likelihood at step 48: -4142795.907
Current log-likelihood at step 49: -4142794.678
Current log-likelihood at step 50: -4142793.629
Current log-likelihood at step 51: -4142792.773
Current log-likelihood at step 52: -4142792.067
Current log-likelihood at step 53: -4142791.474
Current log-likelihood at step 54: -4142790.943
Current log-likelihood at step 55: -4142790.453
Current log-likelihood at step 56: -4142789.996
Current log-likelihood at step 57: -4142789.559
Current log-likelihood at step 58: -4142789.146
Current log-likelihood at step 59: -4142788.746
Current log-likelihood at step 60: -4142788.359
Current log-likelihood at step 61: -4142787.982
Current log-likelihood at step 62: -4142787.626
Current log-likelihood at step 63: -4142787.278
Current log-likelihood at step 64: -4142786.941
Current log-likelihood at step 65: -4142786.610
Current log-likelihood at step 66: -4142786.295
Current log-likelihood at step 67: -4142785.994
Current log-likelihood at step 68: -4142785.697
Current log-likelihood at step 69: -4142785.411
Current log-likelihood at step 70: -4142785.134
Current log-likelihood at step 71: -4142784.865
Current log-likelihood at step 72: -4142784.600
Current log-likelihood at step 73: -4142784.346
Current log-likelihood at step 74: -4142784.100
Current log-likelihood at step 75: -4142783.862
Current log-likelihood at step 76: -4142783.633
Current log-likelihood at step 77: -4142783.403
Current log-likelihood at step 78: -4142783.182
Current log-likelihood at step 79: -4142782.965
Current log-likelihood at step 80: -4142782.751
Current log-likelihood at step 81: -4142782.541
Current log-likelihood at step 82: -4142782.340
Current log-likelihood at step 83: -4142782.146
Current log-likelihood at step 84: -4142781.958
Current log-likelihood at step 85: -4142781.769
Current log-likelihood at step 86: -4142781.597
Current log-likelihood at step 87: -4142781.422
Current log-likelihood at step 88: -4142781.247
Current log-likelihood at step 89: -4142781.086
Current log-likelihood at step 90: -4142780.927
Current log-likelihood at step 91: -4142780.764
Current log-likelihood at step 92: -4142780.616
Current log-likelihood at step 93: -4142780.467
Current log-likelihood at step 94: -4142780.315
Current log-likelihood at step 95: -4142780.175
Current log-likelihood at step 96: -4142780.038
Current log-likelihood at step 97: -4142779.906
Current log-likelihood at step 98: -4142779.774
Current log-likelihood at step 99: -4142779.653
Partition-specific rates:  0.126 0.797 0.802 0.987 0.480 0.221 1.022 0.670 0.539 0.791 0.711 1.164 0.739 1.474 1.199 1.782 0.841 1.120 0.419 1.075 1.293 0.949 1.127 0.599 1.020 1.043 1.159 0.333 0.536 1.435 1.352 1.099 0.683 1.821 0.918 0.876 1.304 0.625 0.833 1.683 0.229 1.029 0.698 1.204 0.922 1.222 1.325 0.438 1.233 1.009 1.362 1.536 1.398 1.317 1.194 0.842 0.882 0.297 1.023 0.984 1.287 0.754 0.849 1.176 1.180 1.170 0.532 1.228 0.694 1.045 0.764 1.380 0.930 0.778 1.351 1.302 0.969 0.437 0.962 0.461 1.158 1.026 1.109 1.292 1.353 1.448 1.447 0.883 1.127 1.341 0.623 0.970 1.436 1.783 1.027 1.213 1.271 1.247 1.627 0.990 1.464 0.800 1.680 0.650 1.359 0.943 0.813 0.927 1.461 1.097 1.461 1.292 0.869 0.748 0.880 0.831 0.709 1.445 0.744 0.682 1.317 1.074 1.262 2.011 1.176 0.741 0.892 1.296 0.762 1.007 0.668 1.078 1.022 1.252 1.301 0.558 1.239 1.118 1.042 1.893 0.998 1.024 1.267 1.290 1.518 1.199 0.936 0.805 0.761 0.751 1.279 0.899 1.519 0.637 0.987 1.404 0.623 0.970 1.321 1.469 0.968 0.495 0.871 1.065 1.160 1.045 1.056 1.212 0.350 1.243 1.072 0.977 1.450 1.001 0.949 0.547 1.561 1.145 0.990 1.099 0.753 1.356 1.265 1.306 1.340 1.526 1.560 1.062 0.458 1.363 1.602 0.939 1.377 1.287 1.232 1.582 1.403 0.428 0.787 1.359 1.744 1.151 0.739 1.495 1.020 1.002 1.275 0.314 0.673 0.634 1.151 1.761 0.965 0.916 1.117 1.668 0.612 1.522 0.418 0.713 0.978 0.541 0.393 1.035 0.857 1.984 1.059 0.920 1.113 1.278 0.863 0.764 0.680 0.729 1.156 0.911 1.439 0.527 0.623 1.219 0.544 1.123 0.723 0.455 2.238 1.125 0.985 1.793 1.184 1.409 1.163 0.942 0.361 1.414 0.775 1.247 0.859 1.411 0.772 1.153 0.426 1.347 0.459 0.556 1.040 1.376 1.180 1.038 1.243 1.070 0.627 0.782 0.415 1.279 0.100 0.733 1.044 0.648 0.665 0.938 0.732 1.534 0.334 1.022 0.581 1.357 0.772 0.371 0.955 0.710 0.837 0.565 0.993 1.874 0.202 1.144 0.835 1.169 0.628 1.663 1.199 1.256 1.729
Parameters optimization took 99 rounds (427.919 sec)

Wrote distance file to... 
Partition information was printed to TOP_laumer.best_model.nex
BEST SCORE FOUND : -4142779.653
Testing root positions...
UPDATE BEST SCORE: -4142779.653
Rooted trees with log-likelihoods printed to TOP_laumer.roottest.trees
Reading trees in TOP_laumer.roottest.trees ...

101 trees detected
Note: 351.250 MB of RAM required!
Creating 1000 bootstrap replicates...
done
Tree 1 / LogL: -4142779.653
Tree 2 / LogL: -4142780.354
Tree 3 / LogL: -4142780.361
Tree 4 / LogL: -4142783.855
Tree 5 / LogL: -4142784.830
Tree 6 / LogL: -4142785.073
Tree 7 / LogL: -4142787.295
Tree 8 / LogL: -4142791.761
Tree 9 / LogL: -4142794.342
Tree 10 / LogL: -4142800.237
Tree 11 / LogL: -4142800.270
Tree 12 / LogL: -4142804.788
Tree 13 / LogL: -4142805.626
Tree 14 / LogL: -4142808.947
Tree 15 / LogL: -4142808.948
Tree 16 / LogL: -4142810.632
Tree 17 / LogL: -4142815.689
Tree 18 / LogL: -4142815.864
Tree 19 / LogL: -4142816.525
Tree 20 / LogL: -4142818.559
Tree 21 / LogL: -4142824.619
Tree 22 / LogL: -4142825.362
Tree 23 / LogL: -4142828.213
Tree 24 / LogL: -4142828.951
Tree 25 / LogL: -4142830.802
Tree 26 / LogL: -4142832.333
Tree 27 / LogL: -4142833.967
Tree 28 / LogL: -4142833.969
Tree 29 / LogL: -4142838.509
Tree 30 / LogL: -4142846.107
Tree 31 / LogL: -4142847.537
Tree 32 / LogL: -4142850.370
Tree 33 / LogL: -4142850.478
Tree 34 / LogL: -4142851.281
Tree 35 / LogL: -4142856.690
Tree 36 / LogL: -4142860.460
Tree 37 / LogL: -4142866.188
Tree 38 / LogL: -4142868.024
Tree 39 / LogL: -4142874.638
Tree 40 / LogL: -4142872.677
Tree 41 / LogL: -4142876.148
Tree 42 / LogL: -4142879.251
Tree 43 / LogL: -4142881.173
Tree 44 / LogL: -4142881.588
Tree 45 / LogL: -4142888.075
Tree 46 / LogL: -4142888.566
Tree 47 / LogL: -4142893.518
Tree 48 / LogL: -4142893.761
Tree 49 / LogL: -4142894.398
Tree 50 / LogL: -4142894.399
Tree 51 / LogL: -4142900.054
Tree 52 / LogL: -4142901.776
Tree 53 / LogL: -4142902.868
Tree 54 / LogL: -4142905.082
Tree 55 / LogL: -4142906.143
Tree 56 / LogL: -4142912.861
Tree 57 / LogL: -4142913.316
Tree 58 / LogL: -4142914.961
Tree 59 / LogL: -4142920.482
Tree 60 / LogL: -4142924.428
Tree 61 / LogL: -4142928.023
Tree 62 / LogL: -4142930.577
Tree 63 / LogL: -4142935.014
Tree 64 / LogL: -4142937.779
Tree 65 / LogL: -4142938.941
Tree 66 / LogL: -4142939.625
Tree 67 / LogL: -4142941.535
Tree 68 / LogL: -4142942.496
Tree 69 / LogL: -4142943.815
Tree 70 / LogL: -4142944.818
Tree 71 / LogL: -4142945.778
Tree 72 / LogL: -4142946.304
Tree 73 / LogL: -4142951.228
Tree 74 / LogL: -4142952.252
Tree 75 / LogL: -4142956.701
Tree 76 / LogL: -4142960.598
Tree 77 / LogL: -4142963.167
Tree 78 / LogL: -4142973.494
Tree 79 / LogL: -4142975.237
Tree 80 / LogL: -4142975.844
Tree 81 / LogL: -4142990.288
Tree 82 / LogL: -4142993.907
Tree 83 / LogL: -4142999.289
Tree 84 / LogL: -4142999.709
Tree 85 / LogL: -4143005.410
Tree 86 / LogL: -4143006.580
Tree 87 / LogL: -4143008.565
Tree 88 / LogL: -4143009.615
Tree 89 / LogL: -4143009.616
Tree 90 / LogL: -4143009.911
Tree 91 / LogL: -4143011.136
Tree 92 / LogL: -4143015.062
Tree 93 / LogL: -4143015.513
Tree 94 / LogL: -4143022.401
Tree 95 / LogL: -4143022.509
Tree 96 / LogL: -4143025.746
Tree 97 / LogL: -4143030.360
Tree 98 / LogL: -4143037.694
Tree 99 / LogL: -4143053.287
Tree 100 / LogL: -4143053.700
Tree 101 / LogL: -4143055.974
Performing RELL-BP test...
Performing KH and SH test...
Performing ELW test...
Performing approximately unbiased (AU) test...
WARNING: Too few replicates for AU test. At least -zb 10000 for reliable results!
7 MB required for AU test
Generating 10 x 1000 multiscale bootstrap replicates... 40.341 seconds
TreeID	AU	RSS	d	c
1	0.914	6.535	-0.669	0.700
2	0.293	1.060	0.897	0.353
3	0.556	4.428	0.514	0.654
4	0.236	10.430	0.883	0.165
5	0.233	5.921	0.913	0.183
6	0.101	4.331	1.797	0.518
7	0.018	2.850	2.415	0.317
8	0.016	9.014	2.175	0.025
9	0.000	0.266	4.772	-0.428
10	0.015	4.681	2.498	0.322
11	0.003	1.951	2.940	0.171
12	0.000	0.301	5.433	-0.771
13	0.000	0.134	9.508	-2.615
14	0.012	1.748	2.683	0.432
15	0.012	1.754	2.681	0.434
16	0.000	0.346	4.631	-0.087
17	0.000	2.896	4.186	-0.135
18	0.000	0.446	11.177	-3.592
19	0.003	4.116	2.873	0.118
20	0.000	0.171	5.996	-1.135
21	0.000	0.680	4.363	-0.243
22	0.000	0.320	5.943	-0.853
23	0.000	1.392	4.969	-0.697
24	0.000	1.202	5.739	-1.032
25	0.000	7.449	3.795	-0.086
26	0.000	0.422	10.283	-2.997
27	0.000	0.000	9.245	-2.289
28	0.000	0.000	9.170	-2.252
29	0.008	2.710	3.064	0.636
30	0.000	0.409	5.147	-0.586
31	0.000	4.133	3.490	0.199
32	0.000	0.000	13.493	-4.695
33	0.000	1.225	3.718	0.171
34	0.000	0.673	4.659	-0.251
35	0.002	4.158	3.293	0.461
36	0.001	3.970	3.434	0.260
37	0.000	0.000	7.614	-1.356
38	0.000	0.000	12.533	-4.254
39	0.000	0.000	10.400	-3.186
40	0.003	2.929	3.313	0.529
41	0.002	4.636	3.283	0.337
42	0.001	2.036	3.419	0.190
43	0.018	1.069	2.870	0.777
44	0.009	1.112	3.193	0.808
45	0.000	0.318	5.633	-0.953
46	0.004	4.016	2.953	0.292
47	0.000	0.115	14.246	-5.067
48	0.003	1.766	3.278	0.512
49	0.008	5.564	2.762	0.357
50	0.008	5.562	2.762	0.357
51	0.000	0.378	9.894	-2.848
52	0.000	0.143	10.495	-2.992
53	0.000	0.000	10.018	-2.774
54	0.000	0.333	9.830	-2.788
55	0.009	3.301	2.695	0.336
56	0.000	0.373	12.785	-4.378
57	0.000	0.120	13.691	-4.915
58	0.000	0.227	9.060	-2.290
59	0.000	0.636	5.396	-0.892
60	0.000	0.020	18.663	-7.207
61	0.000	0.197	12.977	-4.291
62	0.001	10.978	3.235	0.203
63	0.000	0.543	13.714	-4.932
64	0.015	3.745	2.685	0.513
65	0.004	5.879	2.745	0.115
66	0.000	0.401	12.637	-4.389
67	0.000	0.000	13.478	-4.799
68	0.000	0.000	13.663	-4.563
69	0.000	0.216	12.776	-4.271
70	0.000	0.067	12.436	-4.099
71	0.001	2.383	3.220	0.139
72	0.001	2.337	3.227	0.137
73	0.000	0.159	15.743	-5.874
74	0.007	7.965	2.650	0.169
75	0.001	1.220	3.618	0.597
76	0.001	1.296	3.457	0.363
77	0.001	0.977	3.749	0.555
78	0.000	0.115	10.669	-3.049
79	0.000	0.000	15.141	-5.293
80	0.000	0.086	14.821	-5.493
81	0.000	0.000	10.939	-3.411
82	0.001	2.375	3.147	0.143
83	0.004	2.903	3.005	0.340
84	0.000	0.000	12.320	-4.278
85	0.000	2.142	4.087	0.039
86	0.002	4.626	3.171	0.357
87	0.000	0.516	10.168	-2.972
88	0.000	0.055	8.888	-2.102
89	0.000	0.056	8.800	-2.058
90	0.000	0.760	3.778	0.119
91	0.007	2.401	3.069	0.615
92	0.000	0.061	5.612	-0.612
93	0.000	0.827	3.994	0.062
94	0.001	1.484	3.467	0.370
95	0.000	1.567	11.859	-4.091
96	0.000	0.000	14.469	-5.175
97	0.000	0.000	10.720	-3.137
98	0.000	0.000	16.470	-6.179
99	0.000	0.220	12.493	-4.192
100	0.000	0.203	12.547	-4.207
101	0.000	2.129	3.985	0.014
Time for AU test: 40.354 seconds
Time for evaluating all trees: 536.558 sec.
Tree test results printed to TOP_laumer.roottest.csv
Total tree length: 20.048

Total number of iterations: 0
CPU time used for tree search: 0.000 sec (0h:0m:0s)
Wall-clock time used for tree search: 0.000 sec (0h:0m:0s)
Total CPU time used: 182832.401 sec (50h:47m:12s)
Total wall-clock time used: 3944.812 sec (1h:5m:44s)

Analysis results written to: 
  IQ-TREE report:                TOP_laumer.iqtree
  Maximum-likelihood tree:       TOP_laumer.treefile
  Screen log file:               TOP_laumer.log

Date and Time: Mon Sep  9 14:03:34 2024
