IQ-TREE multicore version 2.3.6 for Linux x86 64-bit built Aug  4 2024
Developed by Bui Quang Minh, Nguyen Lam Tung, Olga Chernomor, Heiko Schmidt,
Dominik Schrempf, Michael Woodhams, Ly Trong Nhan, Thomas Wong

Host:    rona.rsb.anu.edu.au (AVX2, FMA3, 1007 GB RAM)
Command: iqtree2 --seed 2222 -s ../Simion2017.relabelled.outgroup_rem.fasta -p ../Simion2017_partitions_formatted.nex --symtest-remove-bad --symtest-type MAR --symtest-keep-zero -T 75 --prefix sym_mar_REV_simion
Seed:    2222 (Using SPRNG - Scalable Parallel Random Number Generator)
Time:    Sun Sep  1 22:51:56 2024
Kernel:  AVX+FMA - 75 threads (256 CPU cores detected)

Reading partition model file ../Simion2017_partitions_formatted.nex ...
Reading alignment file ../Simion2017.relabelled.outgroup_rem.fasta ... Fasta format detected
Reading fasta file: done in 0.35318 secs using 88.62% CPU
Alignment most likely contains protein sequences
Alignment has 72 sequences with 401632 columns, 390129 distinct patterns
280024 parsimony-informative, 40248 singleton sites, 81360 constant sites
                                         Gap/Ambiguity  Composition  p-value
Analyzing sequences: done in 0.573701 secs using 616.8% CPU
   1  CNIDARIA_Aiptasia_pallida                 26.81%    failed      0.00%
   2  CNIDARIA_Alatina_alata                    33.44%    failed      0.00%
   3  PORIFERA_Amphimedon_queenslandica         21.49%    failed      0.00%
   4  CNIDARIA_Antipathes_caribbeana            36.50%    failed      0.00%
   5  PORIFERA_Aphrocallistes_vastus            62.52%    failed      0.00%
   6  BILATERIA_Aplysia_californica             10.44%    failed      0.00%
   7  CNIDARIA_Atolla_vanhoeffeni               60.73%    failed      0.00%
   8  CNIDARIA_Aurelia_aurita                   29.79%    failed      0.00%
   9  CTENOPHORA_Beroe_abyssicola               26.21%    failed      0.00%
  10  CTENOPHORA_Beroe_sp                       78.28%    failed      0.00%
  11  CTENOPHORA_Bolinopsis_infundibulum        54.19%    failed      0.00%
  12  CNIDARIA_Bolocera_tuedia                  57.09%    failed      0.00%
  13  BILATERIA_Branchiostoma_floridae          17.55%    failed      0.00%
  14  BILATERIA_Capitella_teleta                 9.22%    failed      0.00%
  15  CTENOPHORA_Cestum_veneris                 64.28%    failed      0.00%
  16  PORIFERA_Chondrilla_nucula                60.06%    failed      0.00%
  17  PORIFERA_Clathrina_coriacea               75.71%    failed      0.00%
  18  CNIDARIA_Clytia_hemisphaerica             40.50%    failed      0.00%
  19  CTENOPHORA_Coeloplana_species             11.01%    failed      0.00%
  20  PORIFERA_Corticium_candelabrum            50.49%    failed      0.00%
  21  CNIDARIA_Craspedacusta_sowerbyi           32.23%    failed      0.00%
  22  BILATERIA_Crassostrea_gigas               17.61%    failed      0.00%
  23  BILATERIA_Daphnia_pulex                   21.18%    failed      0.00%
  24  CTENOPHORA_Dryodora_glandiformis          37.48%    failed      0.00%
  25  CNIDARIA_Edwardsiella_lineata             38.15%    failed      0.00%
  26  PORIFERA_Ephydatia_muelleri               38.71%    failed      0.00%
  27  PORIFERA_Euplectella_aspergillum          51.21%    failed      0.00%
  28  CTENOPHORA_Euplokamis_dunlapae            48.92%    failed      0.00%
  29  CNIDARIA_Gorgonia_ventalina               41.38%    failed      0.00%
  30  PORIFERA_Grantia_compressa                61.92%    failed      0.00%
  31  BILATERIA_Helobdella_robusta              21.52%    failed      0.00%
  32  BILATERIA_Homo_sapiens                    17.03%    failed      0.00%
  33  CTENOPHORA_Hormiphora_californensis       23.69%    failed      0.00%
  34  PORIFERA_Hyalonema_populiferum            82.76%    failed      0.00%
  35  CNIDARIA_Hydra_magnipapillata             33.15%    failed      0.00%
  36  CNIDARIA_Hydractinia_polyclina            26.42%    failed      0.00%
  37  PORIFERA_Ircinia_fasciculata              61.03%    failed      0.00%
  38  BILATERIA_Ixodes_scapularis               38.22%    failed      0.00%
  39  PORIFERA_Kirkpatrickia_variolosa          40.23%    failed      0.00%
  40  CTENOPHORA_Lampea_pancerina               12.29%    failed      0.00%
  41  PORIFERA_Latrunculia_apicalis             47.42%    failed      0.00%
  42  PORIFERA_Leuconia_nivea                   66.80%    failed      0.00%
  43  PORIFERA_Leucosolenia_complicata          67.92%    failed      0.00%
  44  CNIDARIA_Liriope_tetraphylla              36.85%    failed      0.00%
  45  CNIDARIA_Lucernariopsis_campanulata       39.96%    failed      0.02%
  46  CTENOPHORA_Mnemiopsis_leidyi               8.65%    failed      0.00%
  47  CNIDARIA_Montastraea_faveolata            27.80%    failed      0.00%
  48  PORIFERA_Mycale_phyllophila               42.72%    failed      0.00%
  49  CNIDARIA_Nanomia_bijuga                   26.03%    failed      0.00%
  50  CNIDARIA_Nematostella_vectensis           36.66%    failed      0.00%
  51  PORIFERA_Oscarella_carmela                52.49%    failed      0.00%
  52  PORIFERA_Oscarella_species                25.38%    failed      0.00%
  53  CNIDARIA_Pelagia_noctiluca                47.63%    failed      0.00%
  54  CNIDARIA_Pennatula_rubra                  84.36%    failed      0.00%
  55  CNIDARIA_Periphylla_periphylla            69.99%    failed      0.00%
  56  PORIFERA_Petrosia_ficiformis              30.14%    failed      0.00%
  57  PORIFERA_Plakina_jani                     48.23%    failed      0.00%
  58  PORIFERA_Pleraplysilla_spinifera          52.22%    failed      0.00%
  59  CTENOPHORA_Pleurobrachia_species           9.99%    failed      0.00%
  60  CNIDARIA_Plumapathes_pennacea             36.85%    failed      0.00%
  61  CNIDARIA_Porites_australiensis            35.82%    failed      0.00%
  62  PORIFERA_Rossella_fibulata                45.70%    failed      0.00%
  63  BILATERIA_Saccoglossus_kowalevskii        10.24%    failed      0.00%
  64  PORIFERA_Spongilla_lacustris              47.27%    failed      0.00%
  65  CNIDARIA_Stomolophus_meleagris            29.57%    failed      0.00%
  66  BILATERIA_Strongylocentrotus_purpuratus   18.73%    failed      0.00%
  67  PORIFERA_Sycon_ciliatum                   64.49%    failed      0.00%
  68  PORIFERA_Sycon_coactum                    67.03%    failed      0.00%
  69  PORIFERA_Sympagella_nux                   40.40%    failed      0.00%
  70  BILATERIA_Tribolium_castaneum             23.61%    failed      0.00%
  71  PLACOZOA_Trichoplax_adhaerens             14.76%    failed      0.00%
  72  CTENOPHORA_Vallicula_multiformis          10.67%    failed      0.00%
WARNING: 21 sequences contain more than 50% gaps/ambiguity
****  TOTAL                                     39.41%  72 sequences failed composition chi2 test (p-value<5%; df=19)
NOTE: No CharPartition defined, use all CharSets

Loading 1719 partitions...
Subset	Type	Seqs	Sites	Infor	Invar	Model	Name
1		56	538	306	180		gene_0001
2		58	584	361	166		gene_0002
3		41	554	289	191		gene_0003
4		49	835	389	349		gene_0004
5		48	545	328	173		gene_0005
6		42	368	199	119		gene_0006
7		42	312	212	57		gene_0007
8		39	277	185	63		gene_0008
9		53	402	261	105		gene_0009
10		60	417	286	92		gene_0010
11		60	445	249	130		gene_0011
12		53	235	140	72		gene_0012
13		54	352	131	173		gene_0013
14		54	450	287	128		gene_0014
15		58	317	207	83		gene_0015
16		67	521	297	181		gene_0016
17		64	516	280	189		gene_0017
18		64	507	307	141		gene_0018
19		49	284	163	83		gene_0019
20		55	587	305	223		gene_0020
21		49	1003	510	344		gene_0021
22		55	493	317	128		gene_0022
23		53	598	411	113		gene_0023
24		35	325	205	74		gene_0024
25		51	499	350	105		gene_0025
26		46	254	185	45		gene_0026
27		56	361	252	88		gene_0027
28		69	390	258	111		gene_0028
29		57	380	111	240		gene_0029
30		53	411	150	223		gene_0030
31		50	191	52	124		gene_0031
32		60	472	329	79		gene_0032
33		47	461	264	137		gene_0033
34		61	880	671	113		gene_0034
35		32	101	64	20		gene_0035
36		47	384	252	106		gene_0036
37		42	134	74	50		gene_0037
38		58	304	207	71		gene_0038
39		58	699	421	200		gene_0039
40		42	1369	718	488		gene_0040
41		51	347	261	59		gene_0041
42		44	142	93	35		gene_0042
43		52	374	265	79		gene_0043
44		48	534	310	172		gene_0044
45		63	601	403	144		gene_0045
46		47	200	175	10		gene_0046
47		52	702	416	193		gene_0047
48		67	598	438	117		gene_0048
49		46	394	247	98		gene_0049
50		52	299	196	72		gene_0050
51		48	431	269	120		gene_0051
52		68	289	130	119		gene_0052
53		55	291	182	79		gene_0053
54		54	423	241	129		gene_0054
55		50	1101	449	556		gene_0055
56		44	376	203	132		gene_0056
57		61	737	421	221		gene_0057
58		46	297	138	115		gene_0058
59		57	263	156	84		gene_0059
60		43	459	265	136		gene_0060
61		40	652	257	310		gene_0061
62		49	663	406	183		gene_0062
63		32	89	59	19		gene_0063
64		34	227	157	47		gene_0064
65		39	335	194	93		gene_0065
66		41	427	288	82		gene_0066
67		44	348	228	73		gene_0067
68		50	270	186	56		gene_0068
69		53	254	161	73		gene_0069
70		50	278	147	94		gene_0070
71		44	173	105	56		gene_0071
72		36	351	193	109		gene_0072
73		43	143	99	31		gene_0073
74		40	554	390	118		gene_0074
75		54	306	171	101		gene_0075
76		51	163	79	67		gene_0076
77		65	158	92	48		gene_0077
78		48	172	108	42		gene_0078
79		35	213	120	56		gene_0079
80		42	223	161	35		gene_0080
81		47	285	215	50		gene_0081
82		54	389	273	68		gene_0082
83		46	499	337	120		gene_0083
84		57	271	208	37		gene_0084
85		62	886	537	263		gene_0085
86		39	212	146	54		gene_0086
87		61	219	115	80		gene_0087
88		52	363	274	49		gene_0088
89		54	652	493	126		gene_0089
90		56	350	246	74		gene_0090
91		67	309	245	43		gene_0091
92		48	300	189	70		gene_0092
93		64	423	339	52		gene_0093
94		45	285	198	39		gene_0094
95		58	418	338	38		gene_0095
96		55	221	162	32		gene_0096
97		54	658	374	211		gene_0097
98		45	165	132	20		gene_0098
99		47	270	164	78		gene_0099
100		60	241	186	35		gene_0100
101		39	497	311	130		gene_0101
102		61	348	268	50		gene_0102
103		53	369	248	74		gene_0103
104		38	155	91	45		gene_0104
105		47	197	132	45		gene_0105
106		58	153	124	24		gene_0106
107		59	182	137	31		gene_0107
108		45	274	168	71		gene_0108
109		65	219	166	38		gene_0109
110		42	436	245	132		gene_0110
111		53	189	135	39		gene_0111
112		62	471	388	51		gene_0112
113		69	650	482	104		gene_0113
114		55	312	234	41		gene_0114
115		45	287	207	58		gene_0115
116		54	189	121	53		gene_0116
117		47	315	217	68		gene_0117
118		50	363	236	81		gene_0118
119		64	260	206	35		gene_0119
120		56	286	225	41		gene_0120
121		48	367	224	103		gene_0121
122		49	145	95	43		gene_0122
123		52	257	170	75		gene_0123
124		45	269	202	44		gene_0124
125		54	305	221	51		gene_0125
126		58	270	232	21		gene_0126
127		60	391	317	38		gene_0127
128		53	386	242	111		gene_0128
129		50	309	209	74		gene_0129
130		66	600	412	124		gene_0130
131		52	130	76	43		gene_0131
132		54	347	243	69		gene_0132
133		55	432	230	169		gene_0133
134		47	449	290	130		gene_0134
135		50	311	155	113		gene_0135
136		46	437	210	187		gene_0136
137		48	283	193	69		gene_0137
138		52	355	225	98		gene_0138
139		51	347	218	100		gene_0139
140		51	595	373	155		gene_0140
141		55	420	257	116		gene_0141
142		45	253	191	32		gene_0142
143		71	327	257	48		gene_0143
144		52	269	206	37		gene_0144
145		41	175	114	38		gene_0145
146		66	225	171	42		gene_0146
147		41	143	75	54		gene_0147
148		54	298	215	57		gene_0148
149		43	84	56	21		gene_0149
150		62	114	70	35		gene_0150
151		56	206	156	27		gene_0151
152		66	401	331	36		gene_0152
153		57	244	136	90		gene_0153
154		49	780	514	133		gene_0154
155		49	281	173	69		gene_0155
156		64	339	209	106		gene_0156
157		63	273	203	42		gene_0157
158		55	162	122	32		gene_0158
159		34	114	62	28		gene_0159
160		31	237	140	61		gene_0160
161		61	427	313	59		gene_0161
162		55	210	143	49		gene_0162
163		65	246	158	60		gene_0163
164		67	122	95	15		gene_0164
165		58	245	195	32		gene_0165
166		54	384	270	85		gene_0166
167		56	161	101	46		gene_0167
168		57	118	79	26		gene_0168
169		66	234	148	67		gene_0169
170		43	291	211	43		gene_0170
171		34	150	102	31		gene_0171
172		65	392	250	108		gene_0172
173		61	273	192	60		gene_0173
174		60	125	91	29		gene_0174
175		54	209	155	37		gene_0175
176		58	1043	780	140		gene_0176
177		55	210	159	41		gene_0177
178		45	288	179	85		gene_0178
179		43	639	389	163		gene_0179
180		42	517	303	142		gene_0180
181		63	311	199	82		gene_0181
182		50	244	176	45		gene_0182
183		62	174	131	32		gene_0183
184		52	413	232	138		gene_0184
185		48	782	579	122		gene_0185
186		61	348	155	154		gene_0186
187		61	226	153	44		gene_0187
188		50	183	81	74		gene_0188
189		43	158	83	60		gene_0189
190		60	235	164	45		gene_0190
191		58	213	137	62		gene_0191
192		43	296	199	77		gene_0192
193		47	176	115	43		gene_0193
194		60	627	400	163		gene_0194
195		60	178	119	35		gene_0195
196		50	91	61	24		gene_0196
197		49	234	140	78		gene_0197
198		57	137	69	53		gene_0198
199		63	204	150	37		gene_0199
200		67	308	233	43		gene_0200
201		43	286	193	66		gene_0201
202		44	259	143	102		gene_0202
203		35	192	99	78		gene_0203
204		67	420	298	83		gene_0204
205		41	208	162	28		gene_0205
206		65	178	129	29		gene_0206
207		59	184	123	38		gene_0207
208		52	152	84	53		gene_0208
209		57	524	373	81		gene_0209
210		55	277	177	73		gene_0210
211		47	141	113	19		gene_0211
212		59	703	551	93		gene_0212
213		39	128	97	20		gene_0213
214		60	246	174	50		gene_0214
215		48	295	176	91		gene_0215
216		57	393	279	76		gene_0216
217		47	166	108	41		gene_0217
218		38	273	206	30		gene_0218
219		54	172	107	47		gene_0219
220		41	144	107	20		gene_0220
221		45	281	201	58		gene_0221
222		38	153	101	37		gene_0222
223		49	151	118	24		gene_0223
224		31	129	106	13		gene_0224
225		51	127	95	15		gene_0225
226		46	308	168	102		gene_0226
227		53	338	241	60		gene_0227
228		64	241	163	57		gene_0228
229		62	292	204	47		gene_0229
230		56	526	443	34		gene_0230
231		58	428	250	139		gene_0231
232		63	423	354	34		gene_0232
233		67	468	328	73		gene_0233
234		59	265	205	44		gene_0234
235		53	202	122	54		gene_0235
236		57	123	88	28		gene_0236
237		59	235	183	29		gene_0237
238		41	232	185	24		gene_0238
239		50	444	289	112		gene_0239
240		53	379	270	66		gene_0240
241		38	311	120	155		gene_0241
242		43	102	81	14		gene_0242
243		43	1155	811	169		gene_0243
244		42	312	217	57		gene_0244
245		44	244	163	59		gene_0245
246		50	234	148	65		gene_0246
247		48	369	255	66		gene_0247
248		47	435	261	138		gene_0248
249		55	185	155	24		gene_0249
250		41	135	108	18		gene_0250
251		50	259	177	48		gene_0251
252		50	1599	773	629		gene_0252
253		54	143	93	23		gene_0253
254		50	308	201	72		gene_0254
255		68	193	170	11		gene_0255
256		57	159	125	23		gene_0256
257		34	149	105	22		gene_0257
258		49	668	459	125		gene_0258
259		51	857	566	194		gene_0259
260		61	154	109	26		gene_0260
261		45	334	261	22		gene_0261
262		51	308	207	75		gene_0262
263		38	216	181	17		gene_0263
264		60	213	161	35		gene_0264
265		64	384	307	42		gene_0265
266		48	269	195	43		gene_0266
267		58	90	57	19		gene_0267
268		56	853	573	169		gene_0268
269		66	299	249	29		gene_0269
270		50	922	498	264		gene_0270
271		53	410	307	43		gene_0271
272		65	752	619	67		gene_0272
273		47	144	100	28		gene_0273
274		53	430	336	49		gene_0274
275		59	178	126	45		gene_0275
276		54	199	138	38		gene_0276
277		59	292	210	64		gene_0277
278		55	636	437	136		gene_0278
279		47	552	325	176		gene_0279
280		43	469	330	90		gene_0280
281		58	301	227	50		gene_0281
282		50	308	244	40		gene_0282
283		49	198	161	17		gene_0283
284		55	415	310	56		gene_0284
285		65	800	482	226		gene_0285
286		67	945	347	512		gene_0286
287		42	451	292	106		gene_0287
288		45	263	99	140		gene_0288
289		63	249	188	35		gene_0289
290		63	118	90	22		gene_0290
291		30	410	195	158		gene_0291
292		62	301	210	58		gene_0292
293		55	1191	651	429		gene_0293
294		62	633	463	108		gene_0294
295		69	460	356	81		gene_0295
296		64	154	123	23		gene_0296
297		55	564	290	233		gene_0297
298		43	122	84	20		gene_0298
299		42	142	99	28		gene_0299
300		50	331	268	30		gene_0300
301		33	160	86	50		gene_0301
302		58	504	352	89		gene_0302
303		45	268	175	61		gene_0303
304		52	268	204	40		gene_0304
305		50	312	240	40		gene_0305
306		62	228	183	27		gene_0306
307		49	103	60	34		gene_0307
308		61	81	69	8		gene_0308
309		49	176	136	23		gene_0309
310		65	347	275	30		gene_0310
311		60	849	721	73		gene_0311
312		34	197	124	55		gene_0312
313		56	188	129	38		gene_0313
314		42	298	205	69		gene_0314
315		57	194	155	31		gene_0315
316		64	148	55	69		gene_0316
317		52	881	565	234		gene_0317
318		55	839	532	201		gene_0318
319		53	183	141	25		gene_0319
320		63	378	252	86		gene_0320
321		60	87	58	25		gene_0321
322		53	84	77	5		gene_0322
323		48	338	264	37		gene_0323
324		56	370	274	52		gene_0324
325		43	90	56	26		gene_0325
326		57	175	158	10		gene_0326
327		58	146	122	18		gene_0327
328		45	129	91	25		gene_0328
329		41	84	68	8		gene_0329
330		55	156	128	16		gene_0330
331		48	190	125	45		gene_0331
332		50	346	260	47		gene_0332
333		62	725	465	178		gene_0333
334		51	139	106	16		gene_0334
335		53	204	90	97		gene_0335
336		59	128	97	19		gene_0336
337		57	852	448	292		gene_0337
338		43	246	165	48		gene_0338
339		59	297	162	107		gene_0339
340		55	90	71	11		gene_0340
341		43	100	60	28		gene_0341
342		61	166	109	36		gene_0342
343		55	605	453	76		gene_0343
344		48	482	349	51		gene_0344
345		53	447	355	46		gene_0345
346		61	421	291	98		gene_0346
347		56	349	209	103		gene_0347
348		50	467	240	172		gene_0348
349		66	508	402	58		gene_0349
350		56	101	77	14		gene_0350
351		37	523	357	75		gene_0351
352		43	99	78	10		gene_0352
353		53	771	486	209		gene_0353
354		50	334	227	62		gene_0354
355		47	122	82	30		gene_0355
356		57	203	163	27		gene_0356
357		50	226	158	43		gene_0357
358		55	129	96	21		gene_0358
359		63	548	480	31		gene_0359
360		59	128	93	27		gene_0360
361		46	253	188	41		gene_0361
362		56	258	173	54		gene_0362
363		55	260	192	53		gene_0363
364		62	232	203	13		gene_0364
365		53	215	175	29		gene_0365
366		50	436	324	71		gene_0366
367		53	574	478	57		gene_0367
368		43	82	52	18		gene_0368
369		65	278	240	22		gene_0369
370		43	760	414	210		gene_0370
371		56	227	163	47		gene_0371
372		64	930	526	328		gene_0372
373		67	212	153	39		gene_0373
374		63	205	163	29		gene_0374
375		58	204	146	42		gene_0375
376		52	189	136	28		gene_0376
377		67	283	197	57		gene_0377
378		58	186	113	50		gene_0378
379		50	290	236	26		gene_0379
380		45	124	87	21		gene_0380
381		53	386	264	93		gene_0381
382		56	248	196	30		gene_0382
383		40	257	149	65		gene_0383
384		55	137	118	11		gene_0384
385		46	341	266	41		gene_0385
386		63	276	193	61		gene_0386
387		54	364	304	31		gene_0387
388		69	386	253	98		gene_0388
389		56	136	99	23		gene_0389
390		59	409	240	119		gene_0390
391		54	247	185	40		gene_0391
392		45	319	205	70		gene_0392
393		55	417	329	50		gene_0393
394		41	633	358	178		gene_0394
395		57	302	230	41		gene_0395
396		51	535	349	135		gene_0396
397		50	283	151	78		gene_0397
398		53	365	227	110		gene_0398
399		63	170	136	21		gene_0399
400		69	254	179	50		gene_0400
401		61	453	343	60		gene_0401
402		41	236	154	58		gene_0402
403		68	637	523	74		gene_0403
404		40	340	233	78		gene_0404
405		69	298	251	22		gene_0405
406		61	182	134	32		gene_0406
407		43	775	548	135		gene_0407
408		56	155	128	8		gene_0408
409		57	775	493	212		gene_0409
410		52	430	315	69		gene_0410
411		49	404	294	64		gene_0411
412		44	228	125	80		gene_0412
413		58	255	191	42		gene_0413
414		52	256	208	26		gene_0414
415		52	90	50	32		gene_0415
416		51	97	79	13		gene_0416
417		45	254	216	19		gene_0417
418		50	366	239	83		gene_0418
419		62	269	215	37		gene_0419
420		52	240	160	63		gene_0420
421		59	123	99	16		gene_0421
422		54	343	261	48		gene_0422
423		59	319	273	24		gene_0423
424		49	228	175	21		gene_0424
425		66	171	157	7		gene_0425
426		64	309	205	85		gene_0426
427		59	234	196	17		gene_0427
428		51	207	111	76		gene_0428
429		56	255	169	67		gene_0429
430		58	168	86	59		gene_0430
431		61	406	259	88		gene_0431
432		50	144	114	20		gene_0432
433		30	119	89	11		gene_0433
434		54	455	368	41		gene_0434
435		59	246	174	47		gene_0435
436		55	222	171	28		gene_0436
437		61	295	229	39		gene_0437
438		53	291	232	40		gene_0438
439		50	148	102	35		gene_0439
440		60	503	332	115		gene_0440
441		48	100	63	25		gene_0441
442		50	256	196	25		gene_0442
443		46	279	193	54		gene_0443
444		66	321	246	52		gene_0444
445		47	361	226	106		gene_0445
446		51	371	286	48		gene_0446
447		62	504	295	137		gene_0447
448		53	162	116	27		gene_0448
449		57	355	262	64		gene_0449
450		38	217	147	49		gene_0450
451		42	313	241	34		gene_0451
452		56	277	211	32		gene_0452
453		48	414	320	51		gene_0453
454		48	224	148	47		gene_0454
455		57	320	241	50		gene_0455
456		68	211	145	49		gene_0456
457		63	102	49	48		gene_0457
458		56	444	360	43		gene_0458
459		47	264	172	69		gene_0459
460		57	172	128	31		gene_0460
461		60	382	209	133		gene_0461
462		63	150	135	9		gene_0462
463		63	155	122	19		gene_0463
464		53	263	212	24		gene_0464
465		48	280	215	26		gene_0465
466		66	706	341	311		gene_0466
467		60	269	216	23		gene_0467
468		45	246	197	38		gene_0468
469		50	200	136	48		gene_0469
470		67	191	107	66		gene_0470
471		48	112	59	47		gene_0471
472		46	215	165	26		gene_0472
473		57	741	472	167		gene_0473
474		55	546	411	75		gene_0474
475		56	234	178	34		gene_0475
476		55	189	140	36		gene_0476
477		55	169	146	11		gene_0477
478		51	98	60	24		gene_0478
479		61	191	162	16		gene_0479
480		49	107	82	14		gene_0480
481		61	644	512	78		gene_0481
482		59	128	81	34		gene_0482
483		59	180	118	43		gene_0483
484		47	212	147	27		gene_0484
485		47	442	338	56		gene_0485
486		58	170	133	20		gene_0486
487		49	102	75	16		gene_0487
488		53	213	161	35		gene_0488
489		45	133	108	15		gene_0489
490		58	185	115	47		gene_0490
491		64	151	110	30		gene_0491
492		52	293	173	88		gene_0492
493		52	252	191	37		gene_0493
494		50	138	91	35		gene_0494
495		61	176	148	12		gene_0495
496		58	257	192	42		gene_0496
497		60	194	143	43		gene_0497
498		63	176	128	36		gene_0498
499		64	96	75	14		gene_0499
500		40	989	738	125		gene_0500
501		62	376	271	79		gene_0501
502		52	485	357	62		gene_0502
503		57	157	118	25		gene_0503
504		54	648	447	139		gene_0504
505		51	300	206	55		gene_0505
506		52	211	133	48		gene_0506
507		67	499	302	146		gene_0507
508		47	104	79	12		gene_0508
509		63	174	139	18		gene_0509
510		59	101	90	10		gene_0510
511		53	325	257	54		gene_0511
512		45	455	361	53		gene_0512
513		34	393	213	137		gene_0513
514		49	373	277	62		gene_0514
515		62	245	207	18		gene_0515
516		57	114	101	4		gene_0516
517		51	102	71	15		gene_0517
518		58	179	133	29		gene_0518
519		63	292	167	98		gene_0519
520		55	469	292	138		gene_0520
521		60	362	271	57		gene_0521
522		49	209	132	53		gene_0522
523		56	203	161	23		gene_0523
524		46	259	180	49		gene_0524
525		47	446	297	102		gene_0525
526		57	233	172	42		gene_0526
527		46	208	164	24		gene_0527
528		59	143	90	43		gene_0528
529		53	207	150	36		gene_0529
530		48	143	115	12		gene_0530
531		54	260	188	44		gene_0531
532		51	727	482	147		gene_0532
533		46	257	172	57		gene_0533
534		65	85	72	9		gene_0534
535		50	155	110	33		gene_0535
536		50	89	62	18		gene_0536
537		51	107	87	11		gene_0537
538		58	104	80	14		gene_0538
539		53	181	111	45		gene_0539
540		58	449	298	111		gene_0540
541		63	236	152	62		gene_0541
542		54	184	126	38		gene_0542
543		56	185	117	51		gene_0543
544		61	435	347	56		gene_0544
545		57	320	249	25		gene_0545
546		55	243	180	35		gene_0546
547		49	451	353	59		gene_0547
548		42	201	101	73		gene_0548
549		56	336	255	51		gene_0549
550		66	257	169	61		gene_0550
551		62	184	115	47		gene_0551
552		62	102	91	7		gene_0552
553		49	194	144	24		gene_0553
554		45	125	97	20		gene_0554
555		64	492	405	41		gene_0555
556		42	99	78	11		gene_0556
557		49	459	355	55		gene_0557
558		60	118	75	35		gene_0558
559		59	151	104	31		gene_0559
560		43	138	96	22		gene_0560
561		59	86	76	6		gene_0561
562		47	175	120	38		gene_0562
563		55	250	195	30		gene_0563
564		51	270	169	81		gene_0564
565		51	402	306	63		gene_0565
566		49	174	125	37		gene_0566
567		41	412	262	75		gene_0567
568		62	80	52	17		gene_0568
569		54	267	223	22		gene_0569
570		44	201	132	45		gene_0570
571		47	144	93	29		gene_0571
572		46	271	186	41		gene_0572
573		51	327	173	131		gene_0573
574		49	554	337	178		gene_0574
575		55	276	203	49		gene_0575
576		67	378	314	30		gene_0576
577		52	185	132	34		gene_0577
578		47	155	118	21		gene_0578
579		62	196	156	26		gene_0579
580		67	251	133	101		gene_0580
581		67	179	146	22		gene_0581
582		59	157	101	38		gene_0582
583		60	192	148	27		gene_0583
584		59	218	150	60		gene_0584
585		65	189	130	38		gene_0585
586		54	200	136	46		gene_0586
587		52	261	121	107		gene_0587
588		53	300	234	40		gene_0588
589		59	135	47	74		gene_0589
590		66	201	121	62		gene_0590
591		57	338	233	74		gene_0591
592		59	616	428	95		gene_0592
593		43	97	74	11		gene_0593
594		53	575	410	105		gene_0594
595		44	616	394	145		gene_0595
596		53	525	378	85		gene_0596
597		60	488	400	42		gene_0597
598		59	170	124	25		gene_0598
599		55	202	177	10		gene_0599
600		53	592	429	112		gene_0600
601		57	440	302	107		gene_0601
602		62	284	214	38		gene_0602
603		51	129	96	26		gene_0603
604		55	300	201	72		gene_0604
605		61	262	204	32		gene_0605
606		48	251	202	23		gene_0606
607		58	408	310	58		gene_0607
608		53	486	321	113		gene_0608
609		65	613	506	51		gene_0609
610		52	196	146	37		gene_0610
611		49	381	223	108		gene_0611
612		64	249	162	59		gene_0612
613		47	539	409	61		gene_0613
614		62	219	159	42		gene_0614
615		49	184	152	21		gene_0615
616		53	236	169	37		gene_0616
617		59	150	74	60		gene_0617
618		65	114	101	7		gene_0618
619		53	99	67	23		gene_0619
620		55	265	207	35		gene_0620
621		53	436	323	81		gene_0621
622		59	212	158	29		gene_0622
623		56	222	198	11		gene_0623
624		49	194	141	27		gene_0624
625		47	251	197	40		gene_0625
626		47	124	106	10		gene_0626
627		49	367	233	88		gene_0627
628		65	216	175	25		gene_0628
629		59	141	74	50		gene_0629
630		51	91	69	15		gene_0630
631		60	419	336	36		gene_0631
632		52	130	110	9		gene_0632
633		57	278	228	19		gene_0633
634		57	257	199	30		gene_0634
635		45	116	85	23		gene_0635
636		57	211	146	47		gene_0636
637		63	154	83	50		gene_0637
638		50	94	61	23		gene_0638
639		57	202	143	36		gene_0639
640		53	157	119	26		gene_0640
641		59	163	142	9		gene_0641
642		45	221	153	45		gene_0642
643		40	227	145	53		gene_0643
644		40	127	93	13		gene_0644
645		47	611	346	157		gene_0645
646		57	200	144	39		gene_0646
647		70	318	246	45		gene_0647
648		62	118	92	14		gene_0648
649		50	122	63	47		gene_0649
650		55	357	263	56		gene_0650
651		45	280	217	36		gene_0651
652		54	154	113	31		gene_0652
653		68	127	103	18		gene_0653
654		69	497	383	73		gene_0654
655		45	162	125	10		gene_0655
656		67	336	249	59		gene_0656
657		36	145	116	16		gene_0657
658		60	895	644	125		gene_0658
659		58	221	169	28		gene_0659
660		64	409	288	66		gene_0660
661		62	260	198	46		gene_0661
662		61	159	119	29		gene_0662
663		44	131	64	61		gene_0663
664		66	371	283	52		gene_0664
665		63	148	95	43		gene_0665
666		66	190	147	22		gene_0666
667		63	196	118	55		gene_0667
668		62	346	195	116		gene_0668
669		52	197	161	27		gene_0669
670		54	148	122	16		gene_0670
671		64	193	158	20		gene_0671
672		49	87	57	21		gene_0672
673		58	254	172	59		gene_0673
674		57	87	58	22		gene_0674
675		50	506	395	48		gene_0675
676		56	133	96	28		gene_0676
677		45	151	131	12		gene_0677
678		44	89	61	18		gene_0678
679		58	496	383	75		gene_0679
680		62	103	57	31		gene_0680
681		55	509	335	120		gene_0681
682		45	134	89	21		gene_0682
683		37	204	134	47		gene_0683
684		37	211	134	54		gene_0684
685		63	497	203	241		gene_0685
686		47	276	181	75		gene_0686
687		62	355	278	50		gene_0687
688		46	203	142	39		gene_0688
689		55	373	310	31		gene_0689
690		57	276	185	63		gene_0690
691		55	122	91	12		gene_0691
692		37	193	128	32		gene_0692
693		64	125	91	26		gene_0693
694		62	98	80	13		gene_0694
695		58	124	91	18		gene_0695
696		54	301	253	26		gene_0696
697		48	82	65	8		gene_0697
698		59	144	128	8		gene_0698
699		55	155	127	16		gene_0699
700		46	125	92	27		gene_0700
701		64	167	140	24		gene_0701
702		62	88	76	8		gene_0702
703		62	157	110	29		gene_0703
704		66	252	174	55		gene_0704
705		53	251	207	19		gene_0705
706		65	277	244	17		gene_0706
707		62	88	75	6		gene_0707
708		55	151	86	57		gene_0708
709		56	180	126	32		gene_0709
710		46	87	72	8		gene_0710
711		44	142	111	16		gene_0711
712		53	168	136	17		gene_0712
713		50	252	196	30		gene_0713
714		51	102	63	25		gene_0714
715		62	89	73	9		gene_0715
716		50	142	63	64		gene_0716
717		66	104	67	26		gene_0717
718		58	164	108	47		gene_0718
719		56	204	152	29		gene_0719
720		40	161	111	30		gene_0720
721		56	156	110	32		gene_0721
722		52	172	125	32		gene_0722
723		61	1096	587	329		gene_0723
724		54	485	311	131		gene_0724
725		44	97	74	11		gene_0725
726		51	348	278	43		gene_0726
727		54	206	173	20		gene_0727
728		51	152	116	20		gene_0728
729		62	219	172	34		gene_0729
730		53	150	93	40		gene_0730
731		53	339	199	108		gene_0731
732		61	133	103	19		gene_0732
733		71	419	179	204		gene_0733
734		59	98	82	11		gene_0734
735		43	206	123	54		gene_0735
736		51	223	141	62		gene_0736
737		47	371	204	126		gene_0737
738		50	275	161	80		gene_0738
739		43	256	152	72		gene_0739
740		65	276	190	68		gene_0740
741		61	168	116	36		gene_0741
742		49	459	342	56		gene_0742
743		59	259	182	57		gene_0743
744		50	277	184	59		gene_0744
745		59	225	157	45		gene_0745
746		45	114	92	8		gene_0746
747		62	310	245	29		gene_0747
748		56	264	229	16		gene_0748
749		56	493	282	138		gene_0749
750		65	208	144	50		gene_0750
751		55	111	90	16		gene_0751
752		47	448	273	94		gene_0752
753		61	263	190	57		gene_0753
754		39	177	127	37		gene_0754
755		57	285	153	107		gene_0755
756		56	197	156	22		gene_0756
757		63	316	249	35		gene_0757
758		52	108	91	9		gene_0758
759		57	318	231	56		gene_0759
760		56	167	129	23		gene_0760
761		53	153	101	37		gene_0761
762		55	207	153	34		gene_0762
763		50	570	432	58		gene_0763
764		59	175	103	54		gene_0764
765		57	157	115	33		gene_0765
766		57	183	83	84		gene_0766
767		44	125	80	28		gene_0767
768		69	117	96	15		gene_0768
769		64	101	83	10		gene_0769
770		60	223	159	40		gene_0770
771		43	431	253	122		gene_0771
772		53	595	341	189		gene_0772
773		51	168	94	51		gene_0773
774		48	80	57	18		gene_0774
775		51	353	250	71		gene_0775
776		50	354	199	123		gene_0776
777		53	299	140	125		gene_0777
778		49	214	167	28		gene_0778
779		56	146	108	21		gene_0779
780		63	412	291	96		gene_0780
781		47	467	339	72		gene_0781
782		67	408	246	132		gene_0782
783		65	159	142	7		gene_0783
784		58	226	176	33		gene_0784
785		57	160	99	42		gene_0785
786		56	203	153	38		gene_0786
787		53	95	65	28		gene_0787
788		48	368	292	36		gene_0788
789		50	321	195	93		gene_0789
790		46	133	95	22		gene_0790
791		65	271	236	12		gene_0791
792		63	323	248	50		gene_0792
793		56	305	248	29		gene_0793
794		37	125	85	21		gene_0794
795		44	170	135	17		gene_0795
796		43	126	83	26		gene_0796
797		53	117	85	24		gene_0797
798		43	93	77	8		gene_0798
799		33	85	61	15		gene_0799
800		57	300	255	22		gene_0800
801		44	118	92	15		gene_0801
802		57	438	331	67		gene_0802
803		48	137	85	37		gene_0803
804		59	172	135	24		gene_0804
805		66	151	123	20		gene_0805
806		65	251	192	37		gene_0806
807		40	268	170	67		gene_0807
808		56	164	86	56		gene_0808
809		48	173	120	38		gene_0809
810		52	214	175	28		gene_0810
811		46	118	87	24		gene_0811
812		63	112	91	13		gene_0812
813		59	170	132	25		gene_0813
814		70	232	154	61		gene_0814
815		64	236	169	46		gene_0815
816		61	281	193	67		gene_0816
817		59	490	302	143		gene_0817
818		59	203	158	36		gene_0818
819		52	271	223	25		gene_0819
820		60	202	157	19		gene_0820
821		54	133	94	28		gene_0821
822		59	96	59	19		gene_0822
823		66	118	94	19		gene_0823
824		49	354	240	85		gene_0824
825		64	118	102	12		gene_0825
826		43	90	62	24		gene_0826
827		59	265	230	17		gene_0827
828		68	104	95	5		gene_0828
829		56	282	203	60		gene_0829
830		57	138	85	37		gene_0830
831		44	198	161	28		gene_0831
832		66	389	244	107		gene_0832
833		47	207	148	39		gene_0833
834		54	122	92	20		gene_0834
835		53	126	83	28		gene_0835
836		55	475	353	54		gene_0836
837		56	389	214	116		gene_0837
838		59	86	63	15		gene_0838
839		67	347	248	66		gene_0839
840		40	84	59	19		gene_0840
841		49	357	280	40		gene_0841
842		64	146	131	8		gene_0842
843		50	237	159	57		gene_0843
844		49	244	161	47		gene_0844
845		41	95	80	8		gene_0845
846		51	256	200	37		gene_0846
847		59	347	273	40		gene_0847
848		62	251	179	47		gene_0848
849		65	157	122	26		gene_0849
850		53	144	124	8		gene_0850
851		52	266	170	79		gene_0851
852		55	87	73	9		gene_0852
853		55	167	110	47		gene_0853
854		49	102	71	20		gene_0854
855		56	148	114	22		gene_0855
856		58	191	163	14		gene_0856
857		59	108	83	17		gene_0857
858		57	120	102	10		gene_0858
859		62	107	87	9		gene_0859
860		58	130	108	13		gene_0860
861		44	128	92	24		gene_0861
862		53	243	179	36		gene_0862
863		52	209	150	42		gene_0863
864		53	212	182	16		gene_0864
865		62	89	71	14		gene_0865
866		56	88	69	12		gene_0866
867		60	161	104	41		gene_0867
868		66	192	125	44		gene_0868
869		55	218	161	38		gene_0869
870		56	141	107	16		gene_0870
871		52	259	165	65		gene_0871
872		54	199	142	41		gene_0872
873		51	99	71	21		gene_0873
874		54	116	85	19		gene_0874
875		57	100	66	25		gene_0875
876		51	110	72	29		gene_0876
877		60	117	78	22		gene_0877
878		65	130	93	24		gene_0878
879		65	93	76	9		gene_0879
880		49	286	97	161		gene_0880
881		50	131	106	10		gene_0881
882		58	143	89	38		gene_0882
883		58	183	122	41		gene_0883
884		63	527	414	48		gene_0884
885		56	159	123	24		gene_0885
886		58	333	245	65		gene_0886
887		59	304	255	25		gene_0887
888		47	369	270	51		gene_0888
889		58	207	135	50		gene_0889
890		43	115	89	20		gene_0890
891		39	202	143	38		gene_0891
892		61	103	74	18		gene_0892
893		61	285	227	27		gene_0893
894		47	195	124	44		gene_0894
895		57	117	55	40		gene_0895
896		55	337	249	44		gene_0896
897		63	138	92	32		gene_0897
898		55	399	299	54		gene_0898
899		59	138	99	29		gene_0899
900		50	279	190	58		gene_0900
901		56	135	93	33		gene_0901
902		49	269	153	86		gene_0902
903		46	206	128	54		gene_0903
904		58	228	121	75		gene_0904
905		57	490	354	66		gene_0905
906		55	164	140	12		gene_0906
907		56	144	111	21		gene_0907
908		53	203	171	14		gene_0908
909		45	94	61	22		gene_0909
910		66	212	150	35		gene_0910
911		62	193	150	28		gene_0911
912		63	236	168	50		gene_0912
913		61	113	90	13		gene_0913
914		54	207	176	19		gene_0914
915		57	359	259	53		gene_0915
916		61	217	183	21		gene_0916
917		50	142	105	22		gene_0917
918		56	274	232	23		gene_0918
919		51	181	132	34		gene_0919
920		56	127	103	14		gene_0920
921		44	186	159	14		gene_0921
922		66	179	112	50		gene_0922
923		69	449	284	131		gene_0923
924		61	124	80	25		gene_0924
925		56	98	81	7		gene_0925
926		56	352	281	33		gene_0926
927		55	198	167	16		gene_0927
928		41	198	129	53		gene_0928
929		70	145	99	32		gene_0929
930		62	80	72	5		gene_0930
931		52	389	282	78		gene_0931
932		50	136	112	11		gene_0932
933		62	126	111	7		gene_0933
934		47	97	80	8		gene_0934
935		58	220	167	31		gene_0935
936		41	157	103	40		gene_0936
937		48	121	78	34		gene_0937
938		62	236	173	49		gene_0938
939		58	86	58	17		gene_0939
940		65	131	112	8		gene_0940
941		55	266	184	59		gene_0941
942		58	110	90	11		gene_0942
943		44	288	199	72		gene_0943
944		54	248	208	16		gene_0944
945		53	178	124	36		gene_0945
946		48	94	72	11		gene_0946
947		56	206	162	36		gene_0947
948		48	242	151	59		gene_0948
949		55	193	142	34		gene_0949
950		57	93	74	13		gene_0950
951		48	110	90	13		gene_0951
952		38	171	128	27		gene_0952
953		52	461	362	57		gene_0953
954		48	202	140	48		gene_0954
955		49	192	130	32		gene_0955
956		63	356	238	78		gene_0956
957		58	523	369	94		gene_0957
958		62	198	153	26		gene_0958
959		43	352	241	82		gene_0959
960		67	130	86	30		gene_0960
961		66	99	90	6		gene_0961
962		61	120	99	6		gene_0962
963		54	340	229	75		gene_0963
964		65	92	43	43		gene_0964
965		49	157	108	34		gene_0965
966		61	149	93	43		gene_0966
967		62	161	95	51		gene_0967
968		51	191	149	31		gene_0968
969		55	312	208	73		gene_0969
970		51	181	143	20		gene_0970
971		53	240	119	85		gene_0971
972		63	175	127	25		gene_0972
973		53	176	148	14		gene_0973
974		70	108	64	30		gene_0974
975		61	184	127	43		gene_0975
976		59	82	67	8		gene_0976
977		68	233	164	50		gene_0977
978		50	109	85	15		gene_0978
979		59	142	63	63		gene_0979
980		69	255	206	26		gene_0980
981		65	203	157	26		gene_0981
982		49	148	101	28		gene_0982
983		60	80	50	18		gene_0983
984		52	196	171	9		gene_0984
985		66	142	99	38		gene_0985
986		56	140	79	40		gene_0986
987		55	117	84	29		gene_0987
988		65	205	136	46		gene_0988
989		52	320	203	72		gene_0989
990		51	132	96	24		gene_0990
991		58	244	184	45		gene_0991
992		58	259	112	114		gene_0992
993		44	407	186	187		gene_0993
994		51	172	114	48		gene_0994
995		60	179	123	42		gene_0995
996		58	200	128	51		gene_0996
997		65	384	178	167		gene_0997
998		36	104	73	15		gene_0998
999		42	165	89	62		gene_0999
1000		48	180	113	39		gene_1000
1001		51	91	64	20		gene_1001
1002		50	113	97	12		gene_1002
1003		55	148	117	11		gene_1003
1004		62	281	199	39		gene_1004
1005		55	200	135	41		gene_1005
1006		58	311	171	98		gene_1006
1007		42	374	249	81		gene_1007
1008		57	253	199	26		gene_1008
1009		45	200	150	35		gene_1009
1010		48	125	103	4		gene_1010
1011		49	157	124	16		gene_1011
1012		56	207	148	33		gene_1012
1013		64	200	139	42		gene_1013
1014		41	174	125	29		gene_1014
1015		40	395	260	57		gene_1015
1016		55	213	168	20		gene_1016
1017		48	365	315	25		gene_1017
1018		54	146	119	15		gene_1018
1019		48	192	151	21		gene_1019
1020		51	213	159	24		gene_1020
1021		48	152	118	16		gene_1021
1022		66	185	151	24		gene_1022
1023		49	178	133	31		gene_1023
1024		45	180	138	32		gene_1024
1025		57	86	57	23		gene_1025
1026		44	89	61	20		gene_1026
1027		56	147	112	23		gene_1027
1028		49	204	170	18		gene_1028
1029		60	163	132	22		gene_1029
1030		42	180	117	43		gene_1030
1031		45	84	66	9		gene_1031
1032		56	156	107	30		gene_1032
1033		50	214	143	57		gene_1033
1034		32	222	148	56		gene_1034
1035		62	152	126	17		gene_1035
1036		67	113	98	6		gene_1036
1037		63	143	105	29		gene_1037
1038		66	98	77	17		gene_1038
1039		47	167	99	62		gene_1039
1040		52	125	95	19		gene_1040
1041		62	152	96	39		gene_1041
1042		54	123	88	20		gene_1042
1043		48	87	58	20		gene_1043
1044		54	150	64	71		gene_1044
1045		54	84	70	8		gene_1045
1046		55	85	75	7		gene_1046
1047		38	176	120	39		gene_1047
1048		61	338	266	48		gene_1048
1049		51	173	135	26		gene_1049
1050		63	223	186	21		gene_1050
1051		62	93	78	10		gene_1051
1052		50	88	63	18		gene_1052
1053		59	271	200	49		gene_1053
1054		52	321	278	22		gene_1054
1055		55	103	81	15		gene_1055
1056		47	166	129	23		gene_1056
1057		39	152	110	23		gene_1057
1058		50	171	146	20		gene_1058
1059		52	411	260	109		gene_1059
1060		64	543	379	118		gene_1060
1061		45	100	60	31		gene_1061
1062		43	108	77	19		gene_1062
1063		48	178	145	17		gene_1063
1064		59	158	125	19		gene_1064
1065		55	207	99	82		gene_1065
1066		52	338	212	92		gene_1066
1067		60	98	68	22		gene_1067
1068		56	414	279	68		gene_1068
1069		42	153	118	20		gene_1069
1070		53	238	169	47		gene_1070
1071		62	129	86	32		gene_1071
1072		53	163	133	10		gene_1072
1073		68	252	210	23		gene_1073
1074		59	110	75	19		gene_1074
1075		43	135	97	21		gene_1075
1076		39	103	68	23		gene_1076
1077		54	104	67	24		gene_1077
1078		58	162	54	99		gene_1078
1079		52	206	157	26		gene_1079
1080		59	154	139	8		gene_1080
1081		53	154	124	14		gene_1081
1082		57	319	193	76		gene_1082
1083		66	250	159	73		gene_1083
1084		58	103	75	22		gene_1084
1085		61	498	429	28		gene_1085
1086		42	106	88	4		gene_1086
1087		42	220	155	43		gene_1087
1088		59	153	126	17		gene_1088
1089		56	127	97	21		gene_1089
1090		51	216	149	52		gene_1090
1091		49	142	107	23		gene_1091
1092		60	144	117	19		gene_1092
1093		61	145	105	28		gene_1093
1094		60	433	295	96		gene_1094
1095		54	415	163	207		gene_1095
1096		57	159	87	59		gene_1096
1097		65	265	175	52		gene_1097
1098		62	180	148	24		gene_1098
1099		65	115	97	13		gene_1099
1100		59	236	185	28		gene_1100
1101		54	164	98	43		gene_1101
1102		54	164	125	25		gene_1102
1103		52	235	143	61		gene_1103
1104		65	378	277	75		gene_1104
1105		46	243	177	33		gene_1105
1106		40	139	111	16		gene_1106
1107		48	180	122	41		gene_1107
1108		39	155	84	52		gene_1108
1109		57	246	190	33		gene_1109
1110		66	88	75	8		gene_1110
1111		43	232	187	20		gene_1111
1112		53	107	92	9		gene_1112
1113		49	315	206	72		gene_1113
1114		51	333	230	79		gene_1114
1115		51	302	206	68		gene_1115
1116		49	146	112	19		gene_1116
1117		62	317	271	29		gene_1117
1118		49	107	72	22		gene_1118
1119		67	228	139	61		gene_1119
1120		65	137	82	43		gene_1120
1121		42	192	128	47		gene_1121
1122		45	137	113	13		gene_1122
1123		60	164	132	21		gene_1123
1124		63	116	92	20		gene_1124
1125		43	159	103	44		gene_1125
1126		55	351	234	82		gene_1126
1127		62	204	86	95		gene_1127
1128		43	235	124	74		gene_1128
1129		45	245	187	29		gene_1129
1130		57	105	80	13		gene_1130
1131		59	200	148	33		gene_1131
1132		58	130	108	13		gene_1132
1133		62	137	127	6		gene_1133
1134		52	144	112	20		gene_1134
1135		57	105	88	11		gene_1135
1136		57	140	103	27		gene_1136
1137		58	184	142	27		gene_1137
1138		67	179	120	40		gene_1138
1139		50	142	124	7		gene_1139
1140		58	276	172	78		gene_1140
1141		49	132	85	34		gene_1141
1142		62	154	112	29		gene_1142
1143		63	120	109	5		gene_1143
1144		51	245	178	43		gene_1144
1145		55	137	116	9		gene_1145
1146		57	103	72	27		gene_1146
1147		58	158	115	30		gene_1147
1148		63	229	180	22		gene_1148
1149		59	204	167	17		gene_1149
1150		64	124	101	19		gene_1150
1151		45	85	70	12		gene_1151
1152		68	152	95	46		gene_1152
1153		63	156	117	25		gene_1153
1154		48	110	95	1		gene_1154
1155		54	204	175	16		gene_1155
1156		55	175	147	14		gene_1156
1157		64	121	90	19		gene_1157
1158		55	107	70	20		gene_1158
1159		53	145	94	39		gene_1159
1160		58	163	133	18		gene_1160
1161		64	234	172	41		gene_1161
1162		49	116	92	16		gene_1162
1163		39	135	101	18		gene_1163
1164		56	155	123	17		gene_1164
1165		53	205	143	52		gene_1165
1166		36	127	74	41		gene_1166
1167		63	207	176	23		gene_1167
1168		57	300	207	67		gene_1168
1169		55	317	155	134		gene_1169
1170		50	222	84	107		gene_1170
1171		49	111	83	20		gene_1171
1172		56	132	74	45		gene_1172
1173		65	173	136	19		gene_1173
1174		56	344	232	74		gene_1174
1175		49	296	237	28		gene_1175
1176		49	176	131	29		gene_1176
1177		67	231	204	11		gene_1177
1178		36	311	181	83		gene_1178
1179		58	171	137	25		gene_1179
1180		57	151	86	54		gene_1180
1181		64	114	95	14		gene_1181
1182		42	234	137	69		gene_1182
1183		51	127	108	11		gene_1183
1184		41	87	64	7		gene_1184
1185		38	397	281	57		gene_1185
1186		45	219	140	57		gene_1186
1187		46	127	85	29		gene_1187
1188		56	149	108	31		gene_1188
1189		59	146	105	27		gene_1189
1190		56	106	74	24		gene_1190
1191		57	263	191	45		gene_1191
1192		58	127	105	12		gene_1192
1193		53	131	104	11		gene_1193
1194		55	111	81	19		gene_1194
1195		56	108	66	39		gene_1195
1196		58	241	198	20		gene_1196
1197		44	122	92	22		gene_1197
1198		66	103	80	15		gene_1198
1199		51	122	82	29		gene_1199
1200		49	92	66	18		gene_1200
1201		55	86	45	32		gene_1201
1202		58	122	88	18		gene_1202
1203		56	134	108	15		gene_1203
1204		60	100	71	18		gene_1204
1205		62	138	99	17		gene_1205
1206		63	95	80	11		gene_1206
1207		45	110	72	29		gene_1207
1208		58	90	71	12		gene_1208
1209		47	94	66	21		gene_1209
1210		49	106	87	13		gene_1210
1211		55	340	233	72		gene_1211
1212		67	232	176	46		gene_1212
1213		56	105	94	8		gene_1213
1214		56	232	156	56		gene_1214
1215		63	207	109	79		gene_1215
1216		51	88	63	16		gene_1216
1217		61	180	128	30		gene_1217
1218		57	194	135	32		gene_1218
1219		40	92	66	13		gene_1219
1220		44	186	126	42		gene_1220
1221		44	89	67	9		gene_1221
1222		49	146	103	33		gene_1222
1223		36	189	140	19		gene_1223
1224		43	143	120	15		gene_1224
1225		48	90	74	9		gene_1225
1226		57	81	73	3		gene_1226
1227		47	204	159	25		gene_1227
1228		50	105	75	17		gene_1228
1229		60	89	74	8		gene_1229
1230		62	242	204	23		gene_1230
1231		57	94	79	11		gene_1231
1232		54	95	64	23		gene_1232
1233		54	224	168	24		gene_1233
1234		52	137	112	19		gene_1234
1235		50	270	190	53		gene_1235
1236		42	127	102	13		gene_1236
1237		61	208	149	28		gene_1237
1238		58	169	119	30		gene_1238
1239		49	108	87	12		gene_1239
1240		52	327	252	32		gene_1240
1241		43	214	180	22		gene_1241
1242		41	93	69	8		gene_1242
1243		41	149	117	16		gene_1243
1244		42	100	68	21		gene_1244
1245		51	163	116	28		gene_1245
1246		60	84	52	24		gene_1246
1247		48	167	119	18		gene_1247
1248		59	155	116	27		gene_1248
1249		54	179	124	38		gene_1249
1250		45	198	154	25		gene_1250
1251		60	83	70	4		gene_1251
1252		53	177	133	32		gene_1252
1253		55	123	100	11		gene_1253
1254		60	145	116	23		gene_1254
1255		49	95	68	19		gene_1255
1256		57	155	102	39		gene_1256
1257		45	91	79	6		gene_1257
1258		37	336	246	52		gene_1258
1259		56	171	135	21		gene_1259
1260		44	103	85	10		gene_1260
1261		65	117	100	8		gene_1261
1262		63	173	103	51		gene_1262
1263		39	128	88	30		gene_1263
1264		49	196	157	18		gene_1264
1265		49	168	124	27		gene_1265
1266		51	142	53	77		gene_1266
1267		64	116	86	20		gene_1267
1268		53	136	102	23		gene_1268
1269		47	149	133	8		gene_1269
1270		49	171	97	62		gene_1270
1271		43	303	186	73		gene_1271
1272		54	104	80	15		gene_1272
1273		59	106	87	14		gene_1273
1274		52	157	119	20		gene_1274
1275		49	157	144	4		gene_1275
1276		50	288	125	114		gene_1276
1277		61	221	170	30		gene_1277
1278		53	220	169	34		gene_1278
1279		57	152	109	32		gene_1279
1280		52	87	70	10		gene_1280
1281		57	197	132	49		gene_1281
1282		54	95	85	6		gene_1282
1283		64	110	54	40		gene_1283
1284		63	140	118	10		gene_1284
1285		61	220	122	71		gene_1285
1286		57	166	114	41		gene_1286
1287		51	89	58	22		gene_1287
1288		58	94	72	15		gene_1288
1289		63	97	70	21		gene_1289
1290		43	114	72	34		gene_1290
1291		62	248	208	22		gene_1291
1292		54	99	69	12		gene_1292
1293		68	177	144	20		gene_1293
1294		52	192	139	35		gene_1294
1295		55	105	86	10		gene_1295
1296		56	118	108	5		gene_1296
1297		62	151	123	22		gene_1297
1298		54	150	91	45		gene_1298
1299		45	107	51	50		gene_1299
1300		62	364	272	72		gene_1300
1301		55	127	97	24		gene_1301
1302		62	92	72	10		gene_1302
1303		60	128	99	15		gene_1303
1304		54	167	84	63		gene_1304
1305		51	156	100	42		gene_1305
1306		46	270	194	50		gene_1306
1307		59	105	77	18		gene_1307
1308		62	288	170	96		gene_1308
1309		38	231	151	54		gene_1309
1310		62	145	118	12		gene_1310
1311		50	85	67	12		gene_1311
1312		63	111	80	25		gene_1312
1313		48	115	81	23		gene_1313
1314		47	194	150	30		gene_1314
1315		55	449	258	95		gene_1315
1316		55	198	162	20		gene_1316
1317		63	278	217	34		gene_1317
1318		66	364	276	45		gene_1318
1319		69	257	207	28		gene_1319
1320		40	215	150	41		gene_1320
1321		41	386	252	69		gene_1321
1322		51	416	356	24		gene_1322
1323		46	227	161	27		gene_1323
1324		59	225	186	29		gene_1324
1325		40	82	51	23		gene_1325
1326		52	155	125	20		gene_1326
1327		34	409	242	117		gene_1327
1328		43	124	108	5		gene_1328
1329		59	550	240	270		gene_1329
1330		41	283	220	34		gene_1330
1331		53	255	169	66		gene_1331
1332		61	87	59	16		gene_1332
1333		47	320	208	82		gene_1333
1334		53	91	72	8		gene_1334
1335		45	149	126	11		gene_1335
1336		53	112	95	7		gene_1336
1337		55	211	172	16		gene_1337
1338		44	234	150	54		gene_1338
1339		48	112	98	5		gene_1339
1340		41	114	90	11		gene_1340
1341		47	121	91	20		gene_1341
1342		67	125	75	39		gene_1342
1343		50	97	50	30		gene_1343
1344		55	129	96	27		gene_1344
1345		42	111	86	12		gene_1345
1346		39	250	161	54		gene_1346
1347		52	86	65	14		gene_1347
1348		50	144	88	45		gene_1348
1349		54	110	72	27		gene_1349
1350		62	149	126	17		gene_1350
1351		64	536	459	35		gene_1351
1352		49	475	346	55		gene_1352
1353		56	213	146	49		gene_1353
1354		45	145	120	8		gene_1354
1355		55	177	124	39		gene_1355
1356		56	173	119	22		gene_1356
1357		53	270	213	32		gene_1357
1358		52	204	145	45		gene_1358
1359		42	427	286	92		gene_1359
1360		51	174	119	36		gene_1360
1361		51	270	170	65		gene_1361
1362		45	88	59	23		gene_1362
1363		43	139	101	22		gene_1363
1364		53	130	101	14		gene_1364
1365		71	233	182	23		gene_1365
1366		55	82	71	6		gene_1366
1367		65	119	96	15		gene_1367
1368		51	169	137	19		gene_1368
1369		61	107	91	12		gene_1369
1370		56	118	74	39		gene_1370
1371		46	209	159	26		gene_1371
1372		46	298	223	31		gene_1372
1373		64	89	71	10		gene_1373
1374		43	308	238	37		gene_1374
1375		49	122	94	15		gene_1375
1376		55	115	72	32		gene_1376
1377		44	226	144	63		gene_1377
1378		45	111	102	8		gene_1378
1379		44	322	201	72		gene_1379
1380		52	144	120	11		gene_1380
1381		56	109	91	11		gene_1381
1382		49	242	166	51		gene_1382
1383		48	127	86	30		gene_1383
1384		47	435	310	79		gene_1384
1385		46	135	109	19		gene_1385
1386		57	172	135	24		gene_1386
1387		44	112	83	15		gene_1387
1388		54	272	233	14		gene_1388
1389		45	93	66	17		gene_1389
1390		59	127	102	11		gene_1390
1391		45	110	86	20		gene_1391
1392		56	96	66	19		gene_1392
1393		48	136	96	30		gene_1393
1394		56	218	165	29		gene_1394
1395		62	125	83	37		gene_1395
1396		63	186	155	20		gene_1396
1397		48	146	115	21		gene_1397
1398		61	182	154	16		gene_1398
1399		47	102	71	22		gene_1399
1400		59	126	71	39		gene_1400
1401		66	134	93	33		gene_1401
1402		65	109	93	12		gene_1402
1403		67	110	92	11		gene_1403
1404		49	88	69	9		gene_1404
1405		59	86	79	4		gene_1405
1406		61	123	90	22		gene_1406
1407		62	223	120	72		gene_1407
1408		42	137	90	34		gene_1408
1409		64	116	93	17		gene_1409
1410		44	169	135	18		gene_1410
1411		55	117	68	42		gene_1411
1412		60	132	102	17		gene_1412
1413		52	126	106	9		gene_1413
1414		54	117	94	16		gene_1414
1415		52	140	99	24		gene_1415
1416		57	94	73	10		gene_1416
1417		64	116	91	18		gene_1417
1418		51	189	113	63		gene_1418
1419		68	198	137	45		gene_1419
1420		58	88	38	37		gene_1420
1421		53	163	114	34		gene_1421
1422		52	344	256	60		gene_1422
1423		51	129	90	23		gene_1423
1424		53	154	128	10		gene_1424
1425		58	118	73	34		gene_1425
1426		58	89	70	13		gene_1426
1427		35	135	91	30		gene_1427
1428		48	134	83	41		gene_1428
1429		54	86	66	15		gene_1429
1430		59	118	101	7		gene_1430
1431		69	196	147	34		gene_1431
1432		52	175	125	28		gene_1432
1433		46	111	63	35		gene_1433
1434		46	195	143	36		gene_1434
1435		47	111	75	24		gene_1435
1436		45	87	70	13		gene_1436
1437		50	194	130	29		gene_1437
1438		55	134	111	14		gene_1438
1439		66	86	71	11		gene_1439
1440		51	191	129	38		gene_1440
1441		48	228	168	35		gene_1441
1442		39	123	84	21		gene_1442
1443		52	108	89	10		gene_1443
1444		51	84	61	13		gene_1444
1445		57	159	116	36		gene_1445
1446		44	166	117	34		gene_1446
1447		60	152	115	18		gene_1447
1448		64	139	110	9		gene_1448
1449		49	108	84	16		gene_1449
1450		68	92	78	9		gene_1450
1451		58	112	78	20		gene_1451
1452		60	137	92	30		gene_1452
1453		60	467	379	55		gene_1453
1454		57	339	275	33		gene_1454
1455		53	214	147	45		gene_1455
1456		52	154	121	20		gene_1456
1457		64	113	95	11		gene_1457
1458		53	349	284	39		gene_1458
1459		56	116	83	19		gene_1459
1460		52	346	266	52		gene_1460
1461		54	113	87	20		gene_1461
1462		67	198	151	27		gene_1462
1463		44	209	155	29		gene_1463
1464		40	173	115	36		gene_1464
1465		55	87	70	14		gene_1465
1466		67	164	114	39		gene_1466
1467		51	243	191	34		gene_1467
1468		47	266	157	60		gene_1468
1469		63	89	65	17		gene_1469
1470		46	154	117	26		gene_1470
1471		59	87	75	5		gene_1471
1472		59	177	135	28		gene_1472
1473		57	173	130	28		gene_1473
1474		56	182	141	28		gene_1474
1475		54	134	109	12		gene_1475
1476		47	191	121	45		gene_1476
1477		48	96	70	21		gene_1477
1478		66	115	90	10		gene_1478
1479		56	105	77	18		gene_1479
1480		57	134	118	7		gene_1480
1481		53	136	99	21		gene_1481
1482		61	84	64	12		gene_1482
1483		65	145	99	22		gene_1483
1484		53	107	79	21		gene_1484
1485		50	115	91	12		gene_1485
1486		39	135	111	10		gene_1486
1487		40	249	201	27		gene_1487
1488		61	126	89	28		gene_1488
1489		50	464	302	130		gene_1489
1490		46	135	82	32		gene_1490
1491		67	233	184	31		gene_1491
1492		58	108	87	13		gene_1492
1493		53	85	65	11		gene_1493
1494		40	99	70	17		gene_1494
1495		65	103	60	35		gene_1495
1496		50	163	89	50		gene_1496
1497		48	154	117	18		gene_1497
1498		54	120	104	8		gene_1498
1499		55	208	142	48		gene_1499
1500		51	93	61	24		gene_1500
1501		41	143	98	25		gene_1501
1502		58	86	67	13		gene_1502
1503		46	92	81	6		gene_1503
1504		59	243	176	41		gene_1504
1505		56	123	86	26		gene_1505
1506		63	217	132	58		gene_1506
1507		52	199	148	27		gene_1507
1508		50	157	120	26		gene_1508
1509		64	98	80	13		gene_1509
1510		46	105	68	28		gene_1510
1511		53	124	96	18		gene_1511
1512		58	152	133	13		gene_1512
1513		49	120	101	13		gene_1513
1514		39	154	105	23		gene_1514
1515		50	153	114	25		gene_1515
1516		48	123	98	12		gene_1516
1517		52	235	115	72		gene_1517
1518		63	177	116	53		gene_1518
1519		62	84	49	27		gene_1519
1520		40	207	132	32		gene_1520
1521		61	557	433	60		gene_1521
1522		45	98	70	16		gene_1522
1523		56	288	166	73		gene_1523
1524		67	98	62	29		gene_1524
1525		57	195	129	34		gene_1525
1526		52	160	127	20		gene_1526
1527		54	94	63	19		gene_1527
1528		52	184	117	52		gene_1528
1529		47	198	125	51		gene_1529
1530		56	138	108	20		gene_1530
1531		52	173	151	7		gene_1531
1532		51	423	263	119		gene_1532
1533		36	115	92	14		gene_1533
1534		49	90	61	17		gene_1534
1535		58	133	107	16		gene_1535
1536		56	96	76	12		gene_1536
1537		61	97	87	4		gene_1537
1538		58	124	86	32		gene_1538
1539		63	97	67	17		gene_1539
1540		61	163	101	49		gene_1540
1541		44	153	95	41		gene_1541
1542		45	97	58	27		gene_1542
1543		56	396	288	52		gene_1543
1544		40	496	219	147		gene_1544
1545		56	123	106	8		gene_1545
1546		43	289	168	98		gene_1546
1547		57	363	309	23		gene_1547
1548		50	160	121	17		gene_1548
1549		62	160	139	9		gene_1549
1550		58	123	92	17		gene_1550
1551		56	305	197	74		gene_1551
1552		43	124	86	29		gene_1552
1553		46	153	110	29		gene_1553
1554		58	115	91	14		gene_1554
1555		54	347	244	51		gene_1555
1556		51	104	88	13		gene_1556
1557		56	126	95	16		gene_1557
1558		54	133	81	37		gene_1558
1559		55	122	78	36		gene_1559
1560		44	132	112	14		gene_1560
1561		49	197	167	20		gene_1561
1562		54	83	60	18		gene_1562
1563		57	175	128	35		gene_1563
1564		47	119	95	11		gene_1564
1565		40	90	59	17		gene_1565
1566		60	253	187	44		gene_1566
1567		58	108	79	20		gene_1567
1568		44	138	98	27		gene_1568
1569		41	111	75	28		gene_1569
1570		36	137	100	27		gene_1570
1571		53	182	111	61		gene_1571
1572		64	146	102	36		gene_1572
1573		56	98	82	7		gene_1573
1574		51	165	117	29		gene_1574
1575		58	84	67	12		gene_1575
1576		58	306	245	41		gene_1576
1577		53	157	97	49		gene_1577
1578		53	81	56	20		gene_1578
1579		40	98	61	28		gene_1579
1580		61	96	77	14		gene_1580
1581		54	95	64	19		gene_1581
1582		53	170	120	33		gene_1582
1583		50	83	66	13		gene_1583
1584		51	125	111	9		gene_1584
1585		64	103	88	10		gene_1585
1586		51	139	101	23		gene_1586
1587		63	120	35	81		gene_1587
1588		61	108	83	20		gene_1588
1589		60	214	160	35		gene_1589
1590		34	81	63	7		gene_1590
1591		34	137	83	19		gene_1591
1592		54	98	69	20		gene_1592
1593		45	96	72	18		gene_1593
1594		65	121	80	23		gene_1594
1595		48	175	109	25		gene_1595
1596		42	381	282	46		gene_1596
1597		48	152	123	18		gene_1597
1598		62	134	101	21		gene_1598
1599		56	143	110	27		gene_1599
1600		54	161	111	40		gene_1600
1601		50	129	98	14		gene_1601
1602		55	87	63	10		gene_1602
1603		56	87	67	13		gene_1603
1604		46	171	133	25		gene_1604
1605		53	191	140	33		gene_1605
1606		52	142	108	19		gene_1606
1607		45	293	216	45		gene_1607
1608		50	273	222	34		gene_1608
1609		59	290	199	67		gene_1609
1610		59	99	86	7		gene_1610
1611		43	116	78	16		gene_1611
1612		51	86	57	13		gene_1612
1613		57	107	62	41		gene_1613
1614		37	181	125	36		gene_1614
1615		50	86	66	6		gene_1615
1616		44	159	91	38		gene_1616
1617		64	128	101	18		gene_1617
1618		54	150	126	13		gene_1618
1619		51	97	79	11		gene_1619
1620		58	86	53	28		gene_1620
1621		60	100	86	8		gene_1621
1622		49	158	110	28		gene_1622
1623		43	87	60	20		gene_1623
1624		43	81	66	6		gene_1624
1625		44	185	121	41		gene_1625
1626		39	105	86	14		gene_1626
1627		52	142	122	9		gene_1627
1628		38	249	157	53		gene_1628
1629		48	141	107	14		gene_1629
1630		38	131	102	15		gene_1630
1631		56	268	210	32		gene_1631
1632		46	205	137	40		gene_1632
1633		55	93	48	36		gene_1633
1634		47	134	101	20		gene_1634
1635		59	200	141	28		gene_1635
1636		39	128	102	9		gene_1636
1637		58	251	144	85		gene_1637
1638		64	225	188	22		gene_1638
1639		47	88	65	18		gene_1639
1640		60	112	80	23		gene_1640
1641		37	84	69	8		gene_1641
1642		36	84	60	15		gene_1642
1643		43	299	208	56		gene_1643
1644		48	111	85	19		gene_1644
1645		53	107	88	14		gene_1645
1646		47	99	59	26		gene_1646
1647		42	125	90	23		gene_1647
1648		48	194	155	27		gene_1648
1649		41	297	219	46		gene_1649
1650		48	126	107	15		gene_1650
1651		38	306	227	37		gene_1651
1652		41	135	92	24		gene_1652
1653		54	103	83	15		gene_1653
1654		39	179	128	30		gene_1654
1655		44	143	89	41		gene_1655
1656		59	97	79	13		gene_1656
1657		53	84	69	8		gene_1657
1658		42	86	56	21		gene_1658
1659		50	135	104	13		gene_1659
1660		44	114	94	9		gene_1660
1661		59	83	67	12		gene_1661
1662		58	100	91	6		gene_1662
1663		58	92	68	15		gene_1663
1664		60	157	115	22		gene_1664
1665		58	179	136	32		gene_1665
1666		36	107	76	20		gene_1666
1667		51	132	108	16		gene_1667
1668		49	109	78	22		gene_1668
1669		50	200	151	23		gene_1669
1670		34	114	78	23		gene_1670
1671		60	161	123	22		gene_1671
1672		52	134	110	18		gene_1672
1673		55	319	242	41		gene_1673
1674		46	205	163	23		gene_1674
1675		58	203	171	19		gene_1675
1676		63	270	213	35		gene_1676
1677		45	83	64	13		gene_1677
1678		46	82	42	32		gene_1678
1679		39	84	62	12		gene_1679
1680		50	292	224	36		gene_1680
1681		60	94	80	7		gene_1681
1682		52	86	69	11		gene_1682
1683		38	86	57	20		gene_1683
1684		52	113	75	12		gene_1684
1685		50	110	91	8		gene_1685
1686		36	310	207	76		gene_1686
1687		47	106	74	21		gene_1687
1688		42	104	81	13		gene_1688
1689		51	104	85	12		gene_1689
1690		54	287	233	26		gene_1690
1691		53	118	92	10		gene_1691
1692		57	82	68	12		gene_1692
1693		36	135	94	24		gene_1693
1694		53	92	77	9		gene_1694
1695		37	92	57	22		gene_1695
1696		55	101	83	10		gene_1696
1697		51	123	73	40		gene_1697
1698		48	101	81	16		gene_1698
1699		41	166	116	32		gene_1699
1700		63	83	61	16		gene_1700
1701		48	220	134	65		gene_1701
1702		41	161	108	30		gene_1702
1703		45	174	128	27		gene_1703
1704		49	100	84	13		gene_1704
1705		47	82	57	15		gene_1705
1706		52	86	52	22		gene_1706
1707		38	151	110	22		gene_1707
1708		50	88	45	30		gene_1708
1709		45	141	85	36		gene_1709
1710		56	91	69	12		gene_1710
1711		52	192	148	20		gene_1711
1712		50	90	75	8		gene_1712
1713		49	141	106	26		gene_1713
1714		50	228	164	45		gene_1714
1715		44	302	242	25		gene_1715
1716		59	115	89	17		gene_1716
1717		44	86	67	14		gene_1717
1718		40	121	97	17		gene_1718
1719		43	106	88	11		gene_1719
Degree of missing data: 0.255
Info: multi-threading strategy over partitions

Performing matched-pair tests of symmetry... 100% 0.443 seconds
SymTest results written to sym_mar_REV_simion.symtest.csv
Removing 2 bad partitions (pvalue cutoff = 0.050)...
Alignment was printed to sym_mar_REV_simion.good.phy
Partition information was printed to sym_mar_REV_simion.bad.nex

NOTE: Restoring information from model checkpoint file sym_mar_REV_simion.model.gz

CHECKPOINT: Initial tree restored
Perform fast likelihood tree search using LG+I+G model...
Estimate model parameters (epsilon = 5.000)
Initial log-likelihood: -13924891.109
